#
# A fatal error has been detected by the Java Runtime Environment:
#
#  EXCEPTION_ACCESS_VIOLATION (0xc0000005) at pc=0x000001d5dc35ff1c, pid=15924, tid=7360
#
# JRE version: OpenJDK Runtime Environment (15.0.2+7) (build 15.0.2+7-27)
# Java VM: OpenJDK 64-Bit Server VM (15.0.2+7-27, mixed mode, sharing, tiered, compressed oops, g1 gc, windows-amd64)
# Problematic frame:
# C  0x000001d5dc35ff1c
#
# No core dump will be written. Minidumps are not enabled by default on client versions of Windows
#
# If you would like to submit a bug report, please visit:
#   https://bugreport.java.com/bugreport/crash.jsp
# The crash happened outside the Java Virtual Machine in native code.
# See problematic frame for where to report the bug.
#

---------------  S U M M A R Y ------------

Command Line: -Dfile.encoding=windows-1252 -Duser.country=CZ -Duser.language=cs -Duser.variant -Xmx256M educanet.Main

Host: Intel(R) Core(TM) i5-8300H CPU @ 2.30GHz, 8 cores, 7G,  Windows 10 , 64 bit Build 18362 (10.0.18362.1350)
Time: Tue Mar 16 16:38:04 2021 Strední Evropa (be?ný cas) elapsed time: 0.829329 seconds (0d 0h 0m 0s)

---------------  T H R E A D  ---------------

Current thread (0x000001d5bb37ca80):  JavaThread "main" [_thread_in_native, id=7360, stack(0x0000008426600000,0x0000008426700000)]

Stack: [0x0000008426600000,0x0000008426700000],  sp=0x00000084266fe960,  free space=1018k
Native frames: (J=compiled Java code, j=interpreted, Vv=VM code, C=native code)
C  0x000001d5dc35ff1c

Java frames: (J=compiled Java code, j=interpreted, Vv=VM code)
j  org.lwjgl.opengl.GL11C.nglDrawElements(IIIJ)V+0
j  org.lwjgl.opengl.GL11C.glDrawElements(IIIJ)V+4
j  org.lwjgl.opengl.GL11.glDrawElements(IIIJ)V+4
j  educanet.Game.render(J)V+27
j  educanet.Main.main([Ljava/lang/String;)V+119
v  ~StubRoutines::call_stub

siginfo: EXCEPTION_ACCESS_VIOLATION (0xc0000005), reading address 0x0000000000000000


Register to memory mapping:

RIP=0x000001d5dc35ff1c points into unknown readable memory: 8b 3e 8b 6e
RAX=0x000001d5d8034660 points into unknown readable memory: 0x0000000000000000 | 00 00 00 00 00 00 00 00
RBX=0x000001d5d9fa0000 points into unknown readable memory: 0x000001d5d6b06680 | 80 66 b0 d6 d5 01 00 00
RCX=0x0 is NULL
RDX=0x000001d5dc568c04 points into unknown readable memory: 01 00 00 00
RSP=0x00000084266fe960 is pointing into the stack for thread: 0x000001d5bb37ca80
RBP=0x000001d5dc568c18 points into unknown readable memory: 0x000d00e8000700e7 | e7 00 07 00 e8 00 0d 00
RSI=0x0 is NULL
RDI=0x0 is NULL
R8 =0x000001d5dc568c00 points into unknown readable memory: 0x0000000100000000 | 00 00 00 00 01 00 00 00
R9 =0x0000000000000006 is an unknown value
R10=0x000001d5da022970 points into unknown readable memory: 0x0000000000000000 | 00 00 00 00 00 00 00 00
R11=0x000001d5dc568c18 points into unknown readable memory: 0x000d00e8000700e7 | e7 00 07 00 e8 00 0d 00
R12=0x0000000000000006 is an unknown value
R13=0x00000000000000a8 is an unknown value
R14=0x0 is NULL
R15=0x000001d5d8034660 points into unknown readable memory: 0x0000000000000000 | 00 00 00 00 00 00 00 00


Registers:
RAX=0x000001d5d8034660, RBX=0x000001d5d9fa0000, RCX=0x0000000000000000, RDX=0x000001d5dc568c04
RSP=0x00000084266fe960, RBP=0x000001d5dc568c18, RSI=0x0000000000000000, RDI=0x0000000000000000
R8 =0x000001d5dc568c00, R9 =0x0000000000000006, R10=0x000001d5da022970, R11=0x000001d5dc568c18
R12=0x0000000000000006, R13=0x00000000000000a8, R14=0x0000000000000000, R15=0x000001d5d8034660
RIP=0x000001d5dc35ff1c, EFLAGS=0x0000000000010246

Top of Stack: (sp=0x00000084266fe960)
0x00000084266fe960:   0000000004245708 000001d5d6bb3c90
0x00000084266fe970:   0000000000000006 0000000000000000
0x00000084266fe980:   000001d5d9fa0000 00007ff87ec12c28
0x00000084266fe990:   00000000000000a8 000001d5d9fa0000
0x00000084266fe9a0:   0000000000000006 00000000000000a8
0x00000084266fe9b0:   000001d5d6d2d5e0 00007ff87eac8738
0x00000084266fe9c0:   0000000000000000 000001d5d9fa0000
0x00000084266fe9d0:   000001d500000000 000001d5d8034660
0x00000084266fe9e0:   0000000000000000 0000000000000000
0x00000084266fe9f0:   000001d5dc568c00 0000000000000006
0x00000084266fea00:   000001d5dc35fec0 000001d5d68d1738
0x00000084266fea10:   0000000000000000 000001d5d6bb3c90
0x00000084266fea20:   0000000000000000 00007ff87eac920b
0x00000084266fea30:   000001d5d9fa0000 000001d5d6e3b110
0x00000084266fea40:   00000084266feac0 00007ff884eb0000
0x00000084266fea50:   00007ff87ec27a90 00007ff800000000 

Instructions: (pc=0x000001d5dc35ff1c)
0x000001d5dc35fe1c:   00 00 00 00 00 00 00 00 00 00 00 00 00 00 00 00
0x000001d5dc35fe2c:   00 00 00 00 00 00 00 00 00 00 00 00 00 00 00 00
0x000001d5dc35fe3c:   00 00 00 00 00 00 00 00 00 00 00 00 00 00 00 00
0x000001d5dc35fe4c:   00 00 00 00 00 00 00 00 00 00 00 00 00 00 00 00
0x000001d5dc35fe5c:   00 00 00 00 00 00 00 00 00 00 00 00 00 00 00 00
0x000001d5dc35fe6c:   00 00 00 00 00 00 00 00 00 00 00 00 00 00 00 00
0x000001d5dc35fe7c:   00 00 00 00 00 00 00 00 00 00 00 00 00 00 00 00
0x000001d5dc35fe8c:   00 00 00 00 00 00 00 00 00 00 00 00 00 00 00 00
0x000001d5dc35fe9c:   00 00 00 00 00 00 00 00 00 00 00 00 00 00 00 00
0x000001d5dc35feac:   00 00 00 00 00 00 00 00 00 00 00 00 00 ff ff ff
0x000001d5dc35febc:   80 fe 00 00 48 83 ec 28 48 89 6c 24 20 48 89 5c
0x000001d5dc35fecc:   24 18 48 89 74 24 10 48 89 7c 24 08 48 8b d9 48
0x000001d5dc35fedc:   8b c2 49 8b e9 49 8b d0 48 8d 2c aa 4c 8b dd 8b
0x000001d5dc35feec:   0a 49 ba 70 29 02 da d5 01 00 00 41 03 0a 48 83
0x000001d5dc35fefc:   c2 04 48 be b0 c6 ff d9 d5 01 00 00 48 8b 36 48
0x000001d5dc35ff0c:   8b b6 08 03 00 00 48 8b f9 48 c1 e7 04 48 03 f7
0x000001d5dc35ff1c:   8b 3e 8b 6e 04 89 38 89 68 04 8b 7e 08 8b 6e 0c
0x000001d5dc35ff2c:   89 78 08 89 68 0c 48 be b0 c6 ff d9 d5 01 00 00
0x000001d5dc35ff3c:   48 8b 36 48 8b b6 38 03 00 00 48 8d 3c 49 48 8d
0x000001d5dc35ff4c:   34 be 8b 3e 8b 6e 04 89 78 10 89 68 14 8b 7e 08
0x000001d5dc35ff5c:   89 78 18 48 83 c0 1c 49 3b d3 75 83 48 8b 7c 24
0x000001d5dc35ff6c:   08 48 8b 74 24 10 48 8b 5c 24 18 48 8b 6c 24 20
0x000001d5dc35ff7c:   48 83 c4 28 c3 00 00 00 00 00 00 00 00 00 00 00
0x000001d5dc35ff8c:   00 00 00 00 00 00 00 00 00 00 00 00 00 00 00 00
0x000001d5dc35ff9c:   00 00 00 00 00 00 00 00 00 00 00 00 00 00 00 00
0x000001d5dc35ffac:   00 00 00 00 00 00 00 00 00 00 00 00 c0 ff ff ff
0x000001d5dc35ffbc:   00 01 00 00 48 b8 20 d0 03 da d5 01 00 00 48 8b
0x000001d5dc35ffcc:   00 49 ba 88 11 ff d9 d5 01 00 00 48 83 ec 28 48
0x000001d5dc35ffdc:   83 c4 28 c3 00 00 00 00 00 00 00 00 00 00 00 00
0x000001d5dc35ffec:   00 00 00 00 00 00 00 00 00 00 00 00 00 00 ff ff
0x000001d5dc35fffc:   40 00 00 00 00 00 00 00 00 00 00 00 00 00 00 00
0x000001d5dc36000c:   00 00 00 00 00 00 00 00 00 00 00 00 00 00 00 00 


Stack slot to memory mapping:
stack at sp + 0 slots: 0x0000000004245708 is an unknown value
stack at sp + 1 slots: 0x000001d5d6bb3c90 points into unknown readable memory: 0x0000140400000009 | 09 00 00 00 04 14 00 00
stack at sp + 2 slots: 0x0000000000000006 is an unknown value
stack at sp + 3 slots: 0x0 is NULL
stack at sp + 4 slots: 0x000001d5d9fa0000 points into unknown readable memory: 0x000001d5d6b06680 | 80 66 b0 d6 d5 01 00 00
stack at sp + 5 slots: 0x00007ff87ec12c28 nvoglv64.dll
stack at sp + 6 slots: 0x00000000000000a8 is an unknown value
stack at sp + 7 slots: 0x000001d5d9fa0000 points into unknown readable memory: 0x000001d5d6b06680 | 80 66 b0 d6 d5 01 00 00


---------------  P R O C E S S  ---------------

Threads class SMR info:
_java_thread_list=0x000001d5d6e91860, length=13, elements={
0x000001d5bb37ca80, 0x000001d5d5bc7540, 0x000001d5d5bc8110, 0x000001d5d5be5e20,
0x000001d5d5be87f0, 0x000001d5d5bea2b0, 0x000001d5d5bee590, 0x000001d5d5bf1f60,
0x000001d5d6588050, 0x000001d5d6643780, 0x000001d5d6653c30, 0x000001d5d6e5f6e0,
0x000001d5d6e41280
}

Java Threads: ( => current thread )
=>0x000001d5bb37ca80 JavaThread "main" [_thread_in_native, id=7360, stack(0x0000008426600000,0x0000008426700000)]
  0x000001d5d5bc7540 JavaThread "Reference Handler" daemon [_thread_blocked, id=16328, stack(0x0000008426d00000,0x0000008426e00000)]
  0x000001d5d5bc8110 JavaThread "Finalizer" daemon [_thread_blocked, id=11904, stack(0x0000008426e00000,0x0000008426f00000)]
  0x000001d5d5be5e20 JavaThread "Signal Dispatcher" daemon [_thread_blocked, id=10564, stack(0x0000008426f00000,0x0000008427000000)]
  0x000001d5d5be87f0 JavaThread "Attach Listener" daemon [_thread_blocked, id=6692, stack(0x0000008427000000,0x0000008427100000)]
  0x000001d5d5bea2b0 JavaThread "Service Thread" daemon [_thread_blocked, id=19056, stack(0x0000008427100000,0x0000008427200000)]
  0x000001d5d5bee590 JavaThread "C2 CompilerThread0" daemon [_thread_blocked, id=2036, stack(0x0000008427200000,0x0000008427300000)]
  0x000001d5d5bf1f60 JavaThread "C1 CompilerThread0" daemon [_thread_blocked, id=21488, stack(0x0000008427300000,0x0000008427400000)]
  0x000001d5d6588050 JavaThread "Sweeper thread" daemon [_thread_blocked, id=18420, stack(0x0000008427400000,0x0000008427500000)]
  0x000001d5d6643780 JavaThread "Notification Thread" daemon [_thread_blocked, id=22052, stack(0x0000008427500000,0x0000008427600000)]
  0x000001d5d6653c30 JavaThread "Common-Cleaner" daemon [_thread_blocked, id=2456, stack(0x0000008427700000,0x0000008427800000)]
  0x000001d5d6e5f6e0 JavaThread "C2 CompilerThread1" daemon [_thread_blocked, id=14156, stack(0x0000008427e00000,0x0000008427f00000)]
  0x000001d5d6e41280 JavaThread "C2 CompilerThread2" daemon [_thread_blocked, id=25396, stack(0x0000008427f00000,0x0000008428000000)]

Other Threads:
  0x000001d5d5bc5cc0 VMThread "VM Thread" [stack: 0x0000008426c00000,0x0000008426d00000] [id=5780]
  0x000001d5d664fc50 WatcherThread [stack: 0x0000008427600000,0x0000008427700000] [id=14496]
  0x000001d5bb3a0180 GCTaskThread "GC Thread#0" [stack: 0x0000008426700000,0x0000008426800000] [id=23408]
  0x000001d5bb3a43e0 ConcurrentGCThread "G1 Main Marker" [stack: 0x0000008426800000,0x0000008426900000] [id=764]
  0x000001d5bb3a5840 ConcurrentGCThread "G1 Conc#0" [stack: 0x0000008426900000,0x0000008426a00000] [id=9368]
  0x000001d5bb42b210 ConcurrentGCThread "G1 Refine#0" [stack: 0x0000008426a00000,0x0000008426b00000] [id=24488]
  0x000001d5bb42be10 ConcurrentGCThread "G1 Young RemSet Sampling" [stack: 0x0000008426b00000,0x0000008426c00000] [id=19152]

Threads with active compile tasks:

VM state: not at safepoint (normal execution)

VM Mutex/Monitor currently owned by a thread: None

Heap address: 0x00000000f0000000, size: 256 MB, Compressed Oops mode: 32-bit
CDS archive(s) mapped at: [0x0000000800000000-0x0000000800b50000-0x0000000800b50000), size 11862016, SharedBaseAddress: 0x0000000800000000, ArchiveRelocationMode: 0.
Compressed class space mapped at: 0x0000000800b50000-0x0000000840b50000, size: 1073741824
Narrow klass base: 0x0000000800000000, Narrow klass shift: 3, Narrow klass range: 0x100000000

GC Precious Log:
 CPUs: 8 total, 8 available
 Memory: 8034M
 Large Page Support: Disabled
 NUMA Support: Disabled
 Compressed Oops: Enabled (32-bit)
 Heap Region Size: 1M
 Heap Min Capacity: 8M
 Heap Initial Capacity: 126M
 Heap Max Capacity: 256M
 Pre-touch: Disabled
 Parallel Workers: 8
 Concurrent Workers: 2
 Concurrent Refinement Workers: 8
 Periodic GC: Disabled

Heap:
 garbage-first heap   total 129024K, used 12288K [0x00000000f0000000, 0x0000000100000000)
  region size 1024K, 14 young (14336K), 0 survivors (0K)
 Metaspace       used 5540K, capacity 8484K, committed 8832K, reserved 1056768K
  class space    used 289K, capacity 573K, committed 640K, reserved 1048576K

Heap Regions: E=young(eden), S=young(survivor), O=old, HS=humongous(starts), HC=humongous(continues), CS=collection set, F=free, OA=open archive, CA=closed archive, TAMS=top-at-mark-start (previous, next)
|   0|0x00000000f0000000, 0x00000000f0000000, 0x00000000f0100000|  0%| F|  |TAMS 0x00000000f0000000, 0x00000000f0000000| Untracked 
|   1|0x00000000f0100000, 0x00000000f0100000, 0x00000000f0200000|  0%| F|  |TAMS 0x00000000f0100000, 0x00000000f0100000| Untracked 
|   2|0x00000000f0200000, 0x00000000f0200000, 0x00000000f0300000|  0%| F|  |TAMS 0x00000000f0200000, 0x00000000f0200000| Untracked 
|   3|0x00000000f0300000, 0x00000000f0300000, 0x00000000f0400000|  0%| F|  |TAMS 0x00000000f0300000, 0x00000000f0300000| Untracked 
|   4|0x00000000f0400000, 0x00000000f0400000, 0x00000000f0500000|  0%| F|  |TAMS 0x00000000f0400000, 0x00000000f0400000| Untracked 
|   5|0x00000000f0500000, 0x00000000f0500000, 0x00000000f0600000|  0%| F|  |TAMS 0x00000000f0500000, 0x00000000f0500000| Untracked 
|   6|0x00000000f0600000, 0x00000000f0600000, 0x00000000f0700000|  0%| F|  |TAMS 0x00000000f0600000, 0x00000000f0600000| Untracked 
|   7|0x00000000f0700000, 0x00000000f0700000, 0x00000000f0800000|  0%| F|  |TAMS 0x00000000f0700000, 0x00000000f0700000| Untracked 
|   8|0x00000000f0800000, 0x00000000f0800000, 0x00000000f0900000|  0%| F|  |TAMS 0x00000000f0800000, 0x00000000f0800000| Untracked 
|   9|0x00000000f0900000, 0x00000000f0900000, 0x00000000f0a00000|  0%| F|  |TAMS 0x00000000f0900000, 0x00000000f0900000| Untracked 
|  10|0x00000000f0a00000, 0x00000000f0a00000, 0x00000000f0b00000|  0%| F|  |TAMS 0x00000000f0a00000, 0x00000000f0a00000| Untracked 
|  11|0x00000000f0b00000, 0x00000000f0b00000, 0x00000000f0c00000|  0%| F|  |TAMS 0x00000000f0b00000, 0x00000000f0b00000| Untracked 
|  12|0x00000000f0c00000, 0x00000000f0c00000, 0x00000000f0d00000|  0%| F|  |TAMS 0x00000000f0c00000, 0x00000000f0c00000| Untracked 
|  13|0x00000000f0d00000, 0x00000000f0d00000, 0x00000000f0e00000|  0%| F|  |TAMS 0x00000000f0d00000, 0x00000000f0d00000| Untracked 
|  14|0x00000000f0e00000, 0x00000000f0e00000, 0x00000000f0f00000|  0%| F|  |TAMS 0x00000000f0e00000, 0x00000000f0e00000| Untracked 
|  15|0x00000000f0f00000, 0x00000000f0f00000, 0x00000000f1000000|  0%| F|  |TAMS 0x00000000f0f00000, 0x00000000f0f00000| Untracked 
|  16|0x00000000f1000000, 0x00000000f1000000, 0x00000000f1100000|  0%| F|  |TAMS 0x00000000f1000000, 0x00000000f1000000| Untracked 
|  17|0x00000000f1100000, 0x00000000f1100000, 0x00000000f1200000|  0%| F|  |TAMS 0x00000000f1100000, 0x00000000f1100000| Untracked 
|  18|0x00000000f1200000, 0x00000000f1200000, 0x00000000f1300000|  0%| F|  |TAMS 0x00000000f1200000, 0x00000000f1200000| Untracked 
|  19|0x00000000f1300000, 0x00000000f1300000, 0x00000000f1400000|  0%| F|  |TAMS 0x00000000f1300000, 0x00000000f1300000| Untracked 
|  20|0x00000000f1400000, 0x00000000f1400000, 0x00000000f1500000|  0%| F|  |TAMS 0x00000000f1400000, 0x00000000f1400000| Untracked 
|  21|0x00000000f1500000, 0x00000000f1500000, 0x00000000f1600000|  0%| F|  |TAMS 0x00000000f1500000, 0x00000000f1500000| Untracked 
|  22|0x00000000f1600000, 0x00000000f1600000, 0x00000000f1700000|  0%| F|  |TAMS 0x00000000f1600000, 0x00000000f1600000| Untracked 
|  23|0x00000000f1700000, 0x00000000f1700000, 0x00000000f1800000|  0%| F|  |TAMS 0x00000000f1700000, 0x00000000f1700000| Untracked 
|  24|0x00000000f1800000, 0x00000000f1800000, 0x00000000f1900000|  0%| F|  |TAMS 0x00000000f1800000, 0x00000000f1800000| Untracked 
|  25|0x00000000f1900000, 0x00000000f1900000, 0x00000000f1a00000|  0%| F|  |TAMS 0x00000000f1900000, 0x00000000f1900000| Untracked 
|  26|0x00000000f1a00000, 0x00000000f1a00000, 0x00000000f1b00000|  0%| F|  |TAMS 0x00000000f1a00000, 0x00000000f1a00000| Untracked 
|  27|0x00000000f1b00000, 0x00000000f1b00000, 0x00000000f1c00000|  0%| F|  |TAMS 0x00000000f1b00000, 0x00000000f1b00000| Untracked 
|  28|0x00000000f1c00000, 0x00000000f1c00000, 0x00000000f1d00000|  0%| F|  |TAMS 0x00000000f1c00000, 0x00000000f1c00000| Untracked 
|  29|0x00000000f1d00000, 0x00000000f1d00000, 0x00000000f1e00000|  0%| F|  |TAMS 0x00000000f1d00000, 0x00000000f1d00000| Untracked 
|  30|0x00000000f1e00000, 0x00000000f1e00000, 0x00000000f1f00000|  0%| F|  |TAMS 0x00000000f1e00000, 0x00000000f1e00000| Untracked 
|  31|0x00000000f1f00000, 0x00000000f1f00000, 0x00000000f2000000|  0%| F|  |TAMS 0x00000000f1f00000, 0x00000000f1f00000| Untracked 
|  32|0x00000000f2000000, 0x00000000f2000000, 0x00000000f2100000|  0%| F|  |TAMS 0x00000000f2000000, 0x00000000f2000000| Untracked 
|  33|0x00000000f2100000, 0x00000000f2100000, 0x00000000f2200000|  0%| F|  |TAMS 0x00000000f2100000, 0x00000000f2100000| Untracked 
|  34|0x00000000f2200000, 0x00000000f2200000, 0x00000000f2300000|  0%| F|  |TAMS 0x00000000f2200000, 0x00000000f2200000| Untracked 
|  35|0x00000000f2300000, 0x00000000f2300000, 0x00000000f2400000|  0%| F|  |TAMS 0x00000000f2300000, 0x00000000f2300000| Untracked 
|  36|0x00000000f2400000, 0x00000000f2400000, 0x00000000f2500000|  0%| F|  |TAMS 0x00000000f2400000, 0x00000000f2400000| Untracked 
|  37|0x00000000f2500000, 0x00000000f2500000, 0x00000000f2600000|  0%| F|  |TAMS 0x00000000f2500000, 0x00000000f2500000| Untracked 
|  38|0x00000000f2600000, 0x00000000f2600000, 0x00000000f2700000|  0%| F|  |TAMS 0x00000000f2600000, 0x00000000f2600000| Untracked 
|  39|0x00000000f2700000, 0x00000000f2700000, 0x00000000f2800000|  0%| F|  |TAMS 0x00000000f2700000, 0x00000000f2700000| Untracked 
|  40|0x00000000f2800000, 0x00000000f2800000, 0x00000000f2900000|  0%| F|  |TAMS 0x00000000f2800000, 0x00000000f2800000| Untracked 
|  41|0x00000000f2900000, 0x00000000f2900000, 0x00000000f2a00000|  0%| F|  |TAMS 0x00000000f2900000, 0x00000000f2900000| Untracked 
|  42|0x00000000f2a00000, 0x00000000f2a00000, 0x00000000f2b00000|  0%| F|  |TAMS 0x00000000f2a00000, 0x00000000f2a00000| Untracked 
|  43|0x00000000f2b00000, 0x00000000f2b00000, 0x00000000f2c00000|  0%| F|  |TAMS 0x00000000f2b00000, 0x00000000f2b00000| Untracked 
|  44|0x00000000f2c00000, 0x00000000f2c00000, 0x00000000f2d00000|  0%| F|  |TAMS 0x00000000f2c00000, 0x00000000f2c00000| Untracked 
|  45|0x00000000f2d00000, 0x00000000f2d00000, 0x00000000f2e00000|  0%| F|  |TAMS 0x00000000f2d00000, 0x00000000f2d00000| Untracked 
|  46|0x00000000f2e00000, 0x00000000f2e00000, 0x00000000f2f00000|  0%| F|  |TAMS 0x00000000f2e00000, 0x00000000f2e00000| Untracked 
|  47|0x00000000f2f00000, 0x00000000f2f00000, 0x00000000f3000000|  0%| F|  |TAMS 0x00000000f2f00000, 0x00000000f2f00000| Untracked 
|  48|0x00000000f3000000, 0x00000000f3000000, 0x00000000f3100000|  0%| F|  |TAMS 0x00000000f3000000, 0x00000000f3000000| Untracked 
|  49|0x00000000f3100000, 0x00000000f3100000, 0x00000000f3200000|  0%| F|  |TAMS 0x00000000f3100000, 0x00000000f3100000| Untracked 
|  50|0x00000000f3200000, 0x00000000f3200000, 0x00000000f3300000|  0%| F|  |TAMS 0x00000000f3200000, 0x00000000f3200000| Untracked 
|  51|0x00000000f3300000, 0x00000000f3300000, 0x00000000f3400000|  0%| F|  |TAMS 0x00000000f3300000, 0x00000000f3300000| Untracked 
|  52|0x00000000f3400000, 0x00000000f3400000, 0x00000000f3500000|  0%| F|  |TAMS 0x00000000f3400000, 0x00000000f3400000| Untracked 
|  53|0x00000000f3500000, 0x00000000f3500000, 0x00000000f3600000|  0%| F|  |TAMS 0x00000000f3500000, 0x00000000f3500000| Untracked 
|  54|0x00000000f3600000, 0x00000000f3600000, 0x00000000f3700000|  0%| F|  |TAMS 0x00000000f3600000, 0x00000000f3600000| Untracked 
|  55|0x00000000f3700000, 0x00000000f3700000, 0x00000000f3800000|  0%| F|  |TAMS 0x00000000f3700000, 0x00000000f3700000| Untracked 
|  56|0x00000000f3800000, 0x00000000f3800000, 0x00000000f3900000|  0%| F|  |TAMS 0x00000000f3800000, 0x00000000f3800000| Untracked 
|  57|0x00000000f3900000, 0x00000000f3900000, 0x00000000f3a00000|  0%| F|  |TAMS 0x00000000f3900000, 0x00000000f3900000| Untracked 
|  58|0x00000000f3a00000, 0x00000000f3a00000, 0x00000000f3b00000|  0%| F|  |TAMS 0x00000000f3a00000, 0x00000000f3a00000| Untracked 
|  59|0x00000000f3b00000, 0x00000000f3b00000, 0x00000000f3c00000|  0%| F|  |TAMS 0x00000000f3b00000, 0x00000000f3b00000| Untracked 
|  60|0x00000000f3c00000, 0x00000000f3c00000, 0x00000000f3d00000|  0%| F|  |TAMS 0x00000000f3c00000, 0x00000000f3c00000| Untracked 
|  61|0x00000000f3d00000, 0x00000000f3d00000, 0x00000000f3e00000|  0%| F|  |TAMS 0x00000000f3d00000, 0x00000000f3d00000| Untracked 
|  62|0x00000000f3e00000, 0x00000000f3e00000, 0x00000000f3f00000|  0%| F|  |TAMS 0x00000000f3e00000, 0x00000000f3e00000| Untracked 
|  63|0x00000000f3f00000, 0x00000000f3f00000, 0x00000000f4000000|  0%| F|  |TAMS 0x00000000f3f00000, 0x00000000f3f00000| Untracked 
|  64|0x00000000f4000000, 0x00000000f4000000, 0x00000000f4100000|  0%| F|  |TAMS 0x00000000f4000000, 0x00000000f4000000| Untracked 
|  65|0x00000000f4100000, 0x00000000f4100000, 0x00000000f4200000|  0%| F|  |TAMS 0x00000000f4100000, 0x00000000f4100000| Untracked 
|  66|0x00000000f4200000, 0x00000000f4200000, 0x00000000f4300000|  0%| F|  |TAMS 0x00000000f4200000, 0x00000000f4200000| Untracked 
|  67|0x00000000f4300000, 0x00000000f4300000, 0x00000000f4400000|  0%| F|  |TAMS 0x00000000f4300000, 0x00000000f4300000| Untracked 
|  68|0x00000000f4400000, 0x00000000f4400000, 0x00000000f4500000|  0%| F|  |TAMS 0x00000000f4400000, 0x00000000f4400000| Untracked 
|  69|0x00000000f4500000, 0x00000000f4500000, 0x00000000f4600000|  0%| F|  |TAMS 0x00000000f4500000, 0x00000000f4500000| Untracked 
|  70|0x00000000f4600000, 0x00000000f4600000, 0x00000000f4700000|  0%| F|  |TAMS 0x00000000f4600000, 0x00000000f4600000| Untracked 
|  71|0x00000000f4700000, 0x00000000f4700000, 0x00000000f4800000|  0%| F|  |TAMS 0x00000000f4700000, 0x00000000f4700000| Untracked 
|  72|0x00000000f4800000, 0x00000000f4800000, 0x00000000f4900000|  0%| F|  |TAMS 0x00000000f4800000, 0x00000000f4800000| Untracked 
|  73|0x00000000f4900000, 0x00000000f4900000, 0x00000000f4a00000|  0%| F|  |TAMS 0x00000000f4900000, 0x00000000f4900000| Untracked 
|  74|0x00000000f4a00000, 0x00000000f4a00000, 0x00000000f4b00000|  0%| F|  |TAMS 0x00000000f4a00000, 0x00000000f4a00000| Untracked 
|  75|0x00000000f4b00000, 0x00000000f4b00000, 0x00000000f4c00000|  0%| F|  |TAMS 0x00000000f4b00000, 0x00000000f4b00000| Untracked 
|  76|0x00000000f4c00000, 0x00000000f4c00000, 0x00000000f4d00000|  0%| F|  |TAMS 0x00000000f4c00000, 0x00000000f4c00000| Untracked 
|  77|0x00000000f4d00000, 0x00000000f4d00000, 0x00000000f4e00000|  0%| F|  |TAMS 0x00000000f4d00000, 0x00000000f4d00000| Untracked 
|  78|0x00000000f4e00000, 0x00000000f4e00000, 0x00000000f4f00000|  0%| F|  |TAMS 0x00000000f4e00000, 0x00000000f4e00000| Untracked 
|  79|0x00000000f4f00000, 0x00000000f4f00000, 0x00000000f5000000|  0%| F|  |TAMS 0x00000000f4f00000, 0x00000000f4f00000| Untracked 
|  80|0x00000000f5000000, 0x00000000f5000000, 0x00000000f5100000|  0%| F|  |TAMS 0x00000000f5000000, 0x00000000f5000000| Untracked 
|  81|0x00000000f5100000, 0x00000000f5100000, 0x00000000f5200000|  0%| F|  |TAMS 0x00000000f5100000, 0x00000000f5100000| Untracked 
|  82|0x00000000f5200000, 0x00000000f5200000, 0x00000000f5300000|  0%| F|  |TAMS 0x00000000f5200000, 0x00000000f5200000| Untracked 
|  83|0x00000000f5300000, 0x00000000f5300000, 0x00000000f5400000|  0%| F|  |TAMS 0x00000000f5300000, 0x00000000f5300000| Untracked 
|  84|0x00000000f5400000, 0x00000000f5400000, 0x00000000f5500000|  0%| F|  |TAMS 0x00000000f5400000, 0x00000000f5400000| Untracked 
|  85|0x00000000f5500000, 0x00000000f5500000, 0x00000000f5600000|  0%| F|  |TAMS 0x00000000f5500000, 0x00000000f5500000| Untracked 
|  86|0x00000000f5600000, 0x00000000f5600000, 0x00000000f5700000|  0%| F|  |TAMS 0x00000000f5600000, 0x00000000f5600000| Untracked 
|  87|0x00000000f5700000, 0x00000000f5700000, 0x00000000f5800000|  0%| F|  |TAMS 0x00000000f5700000, 0x00000000f5700000| Untracked 
|  88|0x00000000f5800000, 0x00000000f5800000, 0x00000000f5900000|  0%| F|  |TAMS 0x00000000f5800000, 0x00000000f5800000| Untracked 
|  89|0x00000000f5900000, 0x00000000f5900000, 0x00000000f5a00000|  0%| F|  |TAMS 0x00000000f5900000, 0x00000000f5900000| Untracked 
|  90|0x00000000f5a00000, 0x00000000f5a00000, 0x00000000f5b00000|  0%| F|  |TAMS 0x00000000f5a00000, 0x00000000f5a00000| Untracked 
|  91|0x00000000f5b00000, 0x00000000f5b00000, 0x00000000f5c00000|  0%| F|  |TAMS 0x00000000f5b00000, 0x00000000f5b00000| Untracked 
|  92|0x00000000f5c00000, 0x00000000f5c00000, 0x00000000f5d00000|  0%| F|  |TAMS 0x00000000f5c00000, 0x00000000f5c00000| Untracked 
|  93|0x00000000f5d00000, 0x00000000f5d00000, 0x00000000f5e00000|  0%| F|  |TAMS 0x00000000f5d00000, 0x00000000f5d00000| Untracked 
|  94|0x00000000f5e00000, 0x00000000f5e00000, 0x00000000f5f00000|  0%| F|  |TAMS 0x00000000f5e00000, 0x00000000f5e00000| Untracked 
|  95|0x00000000f5f00000, 0x00000000f5f00000, 0x00000000f6000000|  0%| F|  |TAMS 0x00000000f5f00000, 0x00000000f5f00000| Untracked 
|  96|0x00000000f6000000, 0x00000000f6000000, 0x00000000f6100000|  0%| F|  |TAMS 0x00000000f6000000, 0x00000000f6000000| Untracked 
|  97|0x00000000f6100000, 0x00000000f6100000, 0x00000000f6200000|  0%| F|  |TAMS 0x00000000f6100000, 0x00000000f6100000| Untracked 
|  98|0x00000000f6200000, 0x00000000f6200000, 0x00000000f6300000|  0%| F|  |TAMS 0x00000000f6200000, 0x00000000f6200000| Untracked 
|  99|0x00000000f6300000, 0x00000000f6300000, 0x00000000f6400000|  0%| F|  |TAMS 0x00000000f6300000, 0x00000000f6300000| Untracked 
| 100|0x00000000f6400000, 0x00000000f6400000, 0x00000000f6500000|  0%| F|  |TAMS 0x00000000f6400000, 0x00000000f6400000| Untracked 
| 101|0x00000000f6500000, 0x00000000f6500000, 0x00000000f6600000|  0%| F|  |TAMS 0x00000000f6500000, 0x00000000f6500000| Untracked 
| 102|0x00000000f6600000, 0x00000000f6600000, 0x00000000f6700000|  0%| F|  |TAMS 0x00000000f6600000, 0x00000000f6600000| Untracked 
| 103|0x00000000f6700000, 0x00000000f6700000, 0x00000000f6800000|  0%| F|  |TAMS 0x00000000f6700000, 0x00000000f6700000| Untracked 
| 104|0x00000000f6800000, 0x00000000f6800000, 0x00000000f6900000|  0%| F|  |TAMS 0x00000000f6800000, 0x00000000f6800000| Untracked 
| 105|0x00000000f6900000, 0x00000000f6900000, 0x00000000f6a00000|  0%| F|  |TAMS 0x00000000f6900000, 0x00000000f6900000| Untracked 
| 106|0x00000000f6a00000, 0x00000000f6a00000, 0x00000000f6b00000|  0%| F|  |TAMS 0x00000000f6a00000, 0x00000000f6a00000| Untracked 
| 107|0x00000000f6b00000, 0x00000000f6b00000, 0x00000000f6c00000|  0%| F|  |TAMS 0x00000000f6b00000, 0x00000000f6b00000| Untracked 
| 108|0x00000000f6c00000, 0x00000000f6c00000, 0x00000000f6d00000|  0%| F|  |TAMS 0x00000000f6c00000, 0x00000000f6c00000| Untracked 
| 109|0x00000000f6d00000, 0x00000000f6d00000, 0x00000000f6e00000|  0%| F|  |TAMS 0x00000000f6d00000, 0x00000000f6d00000| Untracked 
| 110|0x00000000f6e00000, 0x00000000f6e00000, 0x00000000f6f00000|  0%| F|  |TAMS 0x00000000f6e00000, 0x00000000f6e00000| Untracked 
| 111|0x00000000f6f00000, 0x00000000f6f00000, 0x00000000f7000000|  0%| F|  |TAMS 0x00000000f6f00000, 0x00000000f6f00000| Untracked 
| 112|0x00000000f7000000, 0x00000000f7077038, 0x00000000f7100000| 46%| E|  |TAMS 0x00000000f7000000, 0x00000000f7000000| Complete 
| 113|0x00000000f7100000, 0x00000000f7200000, 0x00000000f7200000|100%| E|CS|TAMS 0x00000000f7100000, 0x00000000f7100000| Complete 
| 114|0x00000000f7200000, 0x00000000f7300000, 0x00000000f7300000|100%| E|CS|TAMS 0x00000000f7200000, 0x00000000f7200000| Complete 
| 115|0x00000000f7300000, 0x00000000f7400000, 0x00000000f7400000|100%| E|CS|TAMS 0x00000000f7300000, 0x00000000f7300000| Complete 
| 116|0x00000000f7400000, 0x00000000f7500000, 0x00000000f7500000|100%| E|  |TAMS 0x00000000f7400000, 0x00000000f7400000| Complete 
| 117|0x00000000f7500000, 0x00000000f7600000, 0x00000000f7600000|100%| E|CS|TAMS 0x00000000f7500000, 0x00000000f7500000| Complete 
| 118|0x00000000f7600000, 0x00000000f7700000, 0x00000000f7700000|100%| E|CS|TAMS 0x00000000f7600000, 0x00000000f7600000| Complete 
| 119|0x00000000f7700000, 0x00000000f7800000, 0x00000000f7800000|100%| E|CS|TAMS 0x00000000f7700000, 0x00000000f7700000| Complete 
| 120|0x00000000f7800000, 0x00000000f7900000, 0x00000000f7900000|100%| E|CS|TAMS 0x00000000f7800000, 0x00000000f7800000| Complete 
| 121|0x00000000f7900000, 0x00000000f7a00000, 0x00000000f7a00000|100%| E|CS|TAMS 0x00000000f7900000, 0x00000000f7900000| Complete 
| 122|0x00000000f7a00000, 0x00000000f7b00000, 0x00000000f7b00000|100%| E|CS|TAMS 0x00000000f7a00000, 0x00000000f7a00000| Complete 
| 123|0x00000000f7b00000, 0x00000000f7c00000, 0x00000000f7c00000|100%| E|CS|TAMS 0x00000000f7b00000, 0x00000000f7b00000| Complete 
| 124|0x00000000f7c00000, 0x00000000f7d00000, 0x00000000f7d00000|100%| E|CS|TAMS 0x00000000f7c00000, 0x00000000f7c00000| Complete 
| 125|0x00000000f7d00000, 0x00000000f7e00000, 0x00000000f7e00000|100%| E|CS|TAMS 0x00000000f7d00000, 0x00000000f7d00000| Complete 

Card table byte_map: [0x000001d5d28d0000,0x000001d5d2950000] _byte_map_base: 0x000001d5d2150000

Marking Bits (Prev, Next): (CMBitMap*) 0x000001d5bb3a09f0, (CMBitMap*) 0x000001d5bb3a0a30
 Prev Bits: [0x000001d5d29d0000, 0x000001d5d2dd0000)
 Next Bits: [0x000001d5d2dd0000, 0x000001d5d31d0000)

Polling page: 0x000001d5b9500000

Metaspace:

Usage:
  Non-class:      7.73 MB capacity,     5.13 MB ( 66%) used,     2.59 MB ( 34%) free+waste,     6.19 KB ( <1%) overhead. 
      Class:    573.00 KB capacity,   289.38 KB ( 51%) used,   281.75 KB ( 49%) free+waste,     1.88 KB ( <1%) overhead. 
       Both:      8.29 MB capacity,     5.41 MB ( 65%) used,     2.87 MB ( 35%) free+waste,     8.06 KB ( <1%) overhead. 

Virtual space:
  Non-class space:        8.00 MB reserved,       8.00 MB (100%) committed 
      Class space:        1.00 GB reserved,     640.00 KB ( <1%) committed 
             Both:        1.01 GB reserved,       8.63 MB ( <1%) committed 

Chunk freelists:
   Non-Class:  89.00 KB
       Class:  3.00 KB
        Both:  92.00 KB

MaxMetaspaceSize: 17179869184.00 GB
CompressedClassSpaceSize: 1.00 GB

CodeHeap 'non-profiled nmethods': size=120000Kb used=204Kb max_used=204Kb free=119795Kb
 bounds [0x000001d5cb070000, 0x000001d5cb2e0000, 0x000001d5d25a0000]
CodeHeap 'profiled nmethods': size=120000Kb used=1168Kb max_used=1168Kb free=118831Kb
 bounds [0x000001d5c3b40000, 0x000001d5c3db0000, 0x000001d5cb070000]
CodeHeap 'non-nmethods': size=5760Kb used=1584Kb max_used=1600Kb free=4175Kb
 bounds [0x000001d5c35a0000, 0x000001d5c3810000, 0x000001d5c3b40000]
 total_blobs=1681 nmethods=714 adapters=880
 compilation: enabled
              stopped_count=0, restarted_count=0
 full_count=0

Compilation events (20 events):
Event: 0.796 Thread 0x000001d5d5bf1f60  705       3       java.util.ArrayDeque::pollFirst (36 bytes)
Event: 0.796 Thread 0x000001d5d5bf1f60 nmethod 705 0x000001d5c3c5ea90 code [0x000001d5c3c5ec60, 0x000001d5c3c5f078]
Event: 0.797 Thread 0x000001d5d5bee590  706       4       java.lang.Math::min (11 bytes)
Event: 0.797 Thread 0x000001d5d5bee590 nmethod 706 0x000001d5cb0a2890 code [0x000001d5cb0a2a00, 0x000001d5cb0a2a58]
Event: 0.800 Thread 0x000001d5d5bf1f60  707       1       java.io.File::getPath (5 bytes)
Event: 0.800 Thread 0x000001d5d5bf1f60 nmethod 707 0x000001d5cb0a2b90 code [0x000001d5cb0a2d20, 0x000001d5cb0a2dd8]
Event: 0.800 Thread 0x000001d5d5bf1f60  708   !   3       java.io.BufferedReader::readLine (304 bytes)
Event: 0.801 Thread 0x000001d5d5bf1f60 nmethod 708 0x000001d5c3c5f210 code [0x000001d5c3c5f500, 0x000001d5c3c606b8]
Event: 0.801 Thread 0x000001d5d6e5f6e0  713       4       sun.misc.Unsafe::putByte (9 bytes)
Event: 0.801 Thread 0x000001d5d5bf1f60  710       3       java.util.Arrays::equals (57 bytes)
Event: 0.801 Thread 0x000001d5d5bf1f60 nmethod 710 0x000001d5c3c60f90 code [0x000001d5c3c61160, 0x000001d5c3c616c8]
Event: 0.801 Thread 0x000001d5d6e5f6e0 nmethod 713 0x000001d5cb0a2e90 code [0x000001d5cb0a3000, 0x000001d5cb0a3078]
Event: 0.801 Thread 0x000001d5d5bf1f60  709       3       sun.nio.cs.SingleByte$Decoder::decode (11 bytes)
Event: 0.801 Thread 0x000001d5d5bf1f60 nmethod 709 0x000001d5c3c61890 code [0x000001d5c3c61a20, 0x000001d5c3c61b58]
Event: 0.801 Thread 0x000001d5d5bf1f60  712       3       jdk.internal.org.objectweb.asm.SymbolTable::addConstantUtf8Reference (101 bytes)
Event: 0.801 Thread 0x000001d5d5bf1f60 nmethod 712 0x000001d5c3c61c10 code [0x000001d5c3c61e20, 0x000001d5c3c623f8]
Event: 0.802 Thread 0x000001d5d5bf1f60  711       3       jdk.internal.org.objectweb.asm.SymbolTable::addConstantClass (8 bytes)
Event: 0.802 Thread 0x000001d5d5bf1f60 nmethod 711 0x000001d5c3c62710 code [0x000001d5c3c628c0, 0x000001d5c3c629e8]
Event: 0.802 Thread 0x000001d5d5bf1f60  714       3       java.lang.ClassLoader::definePackage (85 bytes)
Event: 0.802 Thread 0x000001d5d5bf1f60 nmethod 714 0x000001d5c3c62a90 code [0x000001d5c3c62d60, 0x000001d5c3c63cb8]

GC Heap History (0 events):
No events

Deoptimization events (20 events):
Event: 0.066 Thread 0x000001d5bb37ca80 DEOPT PACKING pc=0x000001d5cb07403c sp=0x00000084266fd2b0
Event: 0.066 Thread 0x000001d5bb37ca80 DEOPT UNPACKING pc=0x000001d5c35ee42f sp=0x00000084266fd248 mode 2
Event: 0.140 Thread 0x000001d5bb37ca80 Uncommon trap: trap_request=0xffffff45 fr.pc=0x000001d5cb086660 relative=0x0000000000000060
Event: 0.140 Thread 0x000001d5bb37ca80 Uncommon trap: reason=unstable_if action=reinterpret pc=0x000001d5cb086660 method=java.io.WinNTFileSystem.isSlash(C)Z @ 9 c2
Event: 0.140 Thread 0x000001d5bb37ca80 DEOPT PACKING pc=0x000001d5cb086660 sp=0x00000084266fc770
Event: 0.140 Thread 0x000001d5bb37ca80 DEOPT UNPACKING pc=0x000001d5c35ee42f sp=0x00000084266fc6f8 mode 2
Event: 0.648 Thread 0x000001d5bb37ca80 Uncommon trap: trap_request=0xffffff54 fr.pc=0x000001d5cb0915e0 relative=0x0000000000000060
Event: 0.648 Thread 0x000001d5bb37ca80 Uncommon trap: reason=speculate_null_assert action=make_not_entrant pc=0x000001d5cb0915e0 method=sun.misc.Unsafe.putLong(Ljava/lang/Object;JJ)V @ 7 c2
Event: 0.648 Thread 0x000001d5bb37ca80 DEOPT PACKING pc=0x000001d5cb0915e0 sp=0x00000084266fec40
Event: 0.648 Thread 0x000001d5bb37ca80 DEOPT UNPACKING pc=0x000001d5c35ee42f sp=0x00000084266febb8 mode 2
Event: 0.648 Thread 0x000001d5bb37ca80 Uncommon trap: trap_request=0xffffff54 fr.pc=0x000001d5cb091ed8 relative=0x0000000000000058
Event: 0.648 Thread 0x000001d5bb37ca80 Uncommon trap: reason=speculate_null_assert action=make_not_entrant pc=0x000001d5cb091ed8 method=sun.misc.Unsafe.getLong(Ljava/lang/Object;J)J @ 5 c2
Event: 0.648 Thread 0x000001d5bb37ca80 DEOPT PACKING pc=0x000001d5cb091ed8 sp=0x00000084266fec80
Event: 0.648 Thread 0x000001d5bb37ca80 DEOPT UNPACKING pc=0x000001d5c35ee42f sp=0x00000084266fec08 mode 2
Event: 0.721 Thread 0x000001d5bb37ca80 DEOPT PACKING pc=0x000001d5c3b700df sp=0x00000084266fd740
Event: 0.721 Thread 0x000001d5bb37ca80 DEOPT UNPACKING pc=0x000001d5c35ee23f sp=0x00000084266fcb90 mode 0
Event: 0.788 Thread 0x000001d5bb37ca80 Uncommon trap: trap_request=0xffffff45 fr.pc=0x000001d5cb0a1eb4 relative=0x0000000000000034
Event: 0.788 Thread 0x000001d5bb37ca80 Uncommon trap: reason=unstable_if action=reinterpret pc=0x000001d5cb0a1eb4 method=java.lang.reflect.Modifier.isFinal(I)Z @ 4 c2
Event: 0.788 Thread 0x000001d5bb37ca80 DEOPT PACKING pc=0x000001d5cb0a1eb4 sp=0x00000084266fdde0
Event: 0.788 Thread 0x000001d5bb37ca80 DEOPT UNPACKING pc=0x000001d5c35ee42f sp=0x00000084266fdd70 mode 2

Classes unloaded (0 events):
No events

Classes redefined (0 events):
No events

Internal exceptions (16 events):
Event: 0.117 Thread 0x000001d5bb37ca80 Exception <a 'java/lang/NoSuchMethodError'{0x00000000f7b9bc88}: 'void java.lang.invoke.DirectMethodHandle$Holder.invokeStatic(java.lang.Object, java.lang.Object)'> (0x00000000f7b9bc88) 
thrown [./open/src/hotspot/share/interpreter/linkResolver.cpp, line 782]
Event: 0.118 Thread 0x000001d5bb37ca80 Exception <a 'java/lang/NoSuchMethodError'{0x00000000f7ba1780}: 'void java.lang.invoke.DirectMethodHandle$Holder.invokeSpecial(java.lang.Object, java.lang.Object, java.lang.Object)'> (0x00000000f7ba1780) 
thrown [./open/src/hotspot/share/interpreter/linkResolver.cpp, line 782]
Event: 0.121 Thread 0x000001d5bb37ca80 Exception <a 'java/lang/NoSuchMethodError'{0x00000000f7bb63f0}: 'java.lang.Object java.lang.invoke.DirectMethodHandle$Holder.invokeStatic(java.lang.Object, java.lang.Object, int)'> (0x00000000f7bb63f0) 
thrown [./open/src/hotspot/share/interpreter/linkResolver.cpp, line 782]
Event: 0.122 Thread 0x000001d5bb37ca80 Exception <a 'java/lang/NoSuchMethodError'{0x00000000f7bc2538}: 'void java.lang.invoke.DelegatingMethodHandle$Holder.delegate(java.lang.Object, java.lang.Object, int, java.lang.Object)'> (0x00000000f7bc2538) 
thrown [./open/src/hotspot/share/interpreter/linkResolver.cpp, line 782]
Event: 0.122 Thread 0x000001d5bb37ca80 Exception <a 'java/lang/NoSuchMethodError'{0x00000000f7bc65d8}: 'int java.lang.invoke.DirectMethodHandle$Holder.invokeSpecial(java.lang.Object, java.lang.Object, java.lang.Object)'> (0x00000000f7bc65d8) 
thrown [./open/src/hotspot/share/interpreter/linkResolver.cpp, line 782]
Event: 0.159 Thread 0x000001d5bb37ca80 Exception <a 'sun/nio/fs/WindowsException'{0x00000000f7a5f318}> (0x00000000f7a5f318) 
thrown [./open/src/hotspot/share/prims/jni.cpp, line 578]
Event: 0.159 Thread 0x000001d5bb37ca80 Exception <a 'sun/nio/fs/WindowsException'{0x00000000f7a5f870}> (0x00000000f7a5f870) 
thrown [./open/src/hotspot/share/prims/jni.cpp, line 578]
Event: 0.178 Thread 0x000001d5bb37ca80 Exception <a 'sun/nio/fs/WindowsException'{0x00000000f7ade3f8}> (0x00000000f7ade3f8) 
thrown [./open/src/hotspot/share/prims/jni.cpp, line 578]
Event: 0.178 Thread 0x000001d5bb37ca80 Exception <a 'sun/nio/fs/WindowsException'{0x00000000f7ade768}> (0x00000000f7ade768) 
thrown [./open/src/hotspot/share/prims/jni.cpp, line 578]
Event: 0.185 Thread 0x000001d5bb37ca80 Exception <a 'java/lang/NoSuchMethodError'{0x00000000f7917510}: 'java.lang.Object java.lang.invoke.DirectMethodHandle$Holder.invokeStatic(java.lang.Object)'> (0x00000000f7917510) 
thrown [./open/src/hotspot/share/interpreter/linkResolver.cpp, line 782]
Event: 0.185 Thread 0x000001d5bb37ca80 Exception <a 'java/lang/NoSuchMethodError'{0x00000000f791ab80}: 'java.lang.Object java.lang.invoke.DirectMethodHandle$Holder.invokeStaticInit(java.lang.Object)'> (0x00000000f791ab80) 
thrown [./open/src/hotspot/share/interpreter/linkResolver.cpp, line 782]
Event: 0.600 Thread 0x000001d5bb37ca80 Exception <a 'sun/nio/fs/WindowsException'{0x00000000f79d8fc0}> (0x00000000f79d8fc0) 
thrown [./open/src/hotspot/share/prims/jni.cpp, line 578]
Event: 0.601 Thread 0x000001d5bb37ca80 Exception <a 'sun/nio/fs/WindowsException'{0x00000000f79d9370}> (0x00000000f79d9370) 
thrown [./open/src/hotspot/share/prims/jni.cpp, line 578]
Event: 0.604 Thread 0x000001d5bb37ca80 Exception <a 'sun/nio/fs/WindowsException'{0x00000000f79e6df8}> (0x00000000f79e6df8) 
thrown [./open/src/hotspot/share/prims/jni.cpp, line 578]
Event: 0.605 Thread 0x000001d5bb37ca80 Exception <a 'sun/nio/fs/WindowsException'{0x00000000f79e70e0}> (0x00000000f79e70e0) 
thrown [./open/src/hotspot/share/prims/jni.cpp, line 578]
Event: 0.788 Thread 0x000001d5bb37ca80 Exception <a 'java/lang/NoSuchMethodError'{0x00000000f715a620}: 'void java.lang.invoke.DirectMethodHandle$Holder.invokeStatic(java.lang.Object, long, int, int)'> (0x00000000f715a620) 
thrown [./open/src/hotspot/share/interpreter/linkResolver.cpp, line 782]

Events (20 events):
Event: 0.192 loading class java/nio/BufferOverflowException
Event: 0.192 loading class java/nio/BufferOverflowException done
Event: 0.192 loading class java/nio/InvalidMarkException
Event: 0.192 loading class java/nio/InvalidMarkException done
Event: 0.192 loading class java/nio/BufferUnderflowException
Event: 0.192 loading class java/nio/BufferUnderflowException done
Event: 0.193 loading class java/lang/IndexOutOfBoundsException
Event: 0.193 loading class java/lang/IndexOutOfBoundsException done
Event: 0.602 Loaded shared library C:\Users\kubag\AppData\Local\Temp\lwjglkubag\3.2.3-build-13\lwjgl_opengl.dll
Event: 0.613 Executing VM operation: HandshakeAllThreads
Event: 0.613 Executing VM operation: HandshakeAllThreads done
Event: 0.646 Thread 0x000001d5d6e5f6e0 Thread added: 0x000001d5d6e5f6e0
Event: 0.647 Thread 0x000001d5d6e41280 Thread added: 0x000001d5d6e41280
Event: 0.654 Loaded shared library C:\Users\kubag\AppData\Local\Temp\lwjglkubag\3.2.3-build-13\lwjgl.dll
Event: 0.777 loading class jdk/internal/reflect/UnsafeQualifiedLongFieldAccessorImpl
Event: 0.777 loading class jdk/internal/reflect/UnsafeQualifiedFieldAccessorImpl
Event: 0.777 loading class jdk/internal/reflect/UnsafeQualifiedFieldAccessorImpl done
Event: 0.777 loading class jdk/internal/reflect/UnsafeQualifiedLongFieldAccessorImpl done
Event: 0.799 loading class java/io/FileReader
Event: 0.800 loading class java/io/FileReader done


Dynamic libraries:
0x00007ff74d670000 - 0x00007ff74d67d000 	C:\Users\kubag\.jdks\openjdk-15.0.2\bin\java.exe
0x00007ff8e6400000 - 0x00007ff8e65f0000 	C:\Windows\SYSTEM32\ntdll.dll
0x00007ff8dab80000 - 0x00007ff8dab92000 	C:\Program Files\Avast Software\Avast\aswhook.dll
0x00007ff8e4ea0000 - 0x00007ff8e4f52000 	C:\Windows\System32\KERNEL32.DLL
0x00007ff8e3370000 - 0x00007ff8e3615000 	C:\Windows\System32\KERNELBASE.dll
0x00007ff8e4180000 - 0x00007ff8e427a000 	C:\Windows\System32\ucrtbase.dll
0x00007ff8d6c30000 - 0x00007ff8d6c48000 	C:\Users\kubag\.jdks\openjdk-15.0.2\bin\jli.dll
0x00007ff8d6c10000 - 0x00007ff8d6c29000 	C:\Users\kubag\.jdks\openjdk-15.0.2\bin\VCRUNTIME140.dll
0x00007ff8e4d00000 - 0x00007ff8e4e94000 	C:\Windows\System32\USER32.dll
0x00007ff8e3620000 - 0x00007ff8e3641000 	C:\Windows\System32\win32u.dll
0x00007ff8c6d90000 - 0x00007ff8c7014000 	C:\Windows\WinSxS\amd64_microsoft.windows.common-controls_6595b64144ccf1df_6.0.18362.1440_none_9e7dbfb9e45e8e67\COMCTL32.dll
0x00007ff8e5d10000 - 0x00007ff8e5d36000 	C:\Windows\System32\GDI32.dll
0x00007ff8e4b00000 - 0x00007ff8e4b9e000 	C:\Windows\System32\msvcrt.dll
0x00007ff8e3780000 - 0x00007ff8e3918000 	C:\Windows\System32\gdi32full.dll
0x00007ff8e44c0000 - 0x00007ff8e47f6000 	C:\Windows\System32\combase.dll
0x00007ff8e36e0000 - 0x00007ff8e377e000 	C:\Windows\System32\msvcp_win.dll
0x00007ff8e6010000 - 0x00007ff8e612f000 	C:\Windows\System32\RPCRT4.dll
0x00007ff8e3650000 - 0x00007ff8e36d1000 	C:\Windows\System32\bcryptPrimitives.dll
0x00007ff8e5650000 - 0x00007ff8e567e000 	C:\Windows\System32\IMM32.DLL
0x00007ff8de940000 - 0x00007ff8de94c000 	C:\Users\kubag\.jdks\openjdk-15.0.2\bin\vcruntime140_1.dll
0x00007ff8c4400000 - 0x00007ff8c4491000 	C:\Users\kubag\.jdks\openjdk-15.0.2\bin\msvcp140.dll
0x00007ff884eb0000 - 0x00007ff885a0e000 	C:\Users\kubag\.jdks\openjdk-15.0.2\bin\server\jvm.dll
0x00007ff8e5d40000 - 0x00007ff8e5de3000 	C:\Windows\System32\ADVAPI32.dll
0x00007ff8e5ec0000 - 0x00007ff8e5f57000 	C:\Windows\System32\sechost.dll
0x00007ff8e4800000 - 0x00007ff8e4808000 	C:\Windows\System32\PSAPI.DLL
0x00007ff8d9920000 - 0x00007ff8d9944000 	C:\Windows\SYSTEM32\WINMM.dll
0x00007ff8d1110000 - 0x00007ff8d1119000 	C:\Windows\SYSTEM32\WSOCK32.dll
0x00007ff8dc970000 - 0x00007ff8dc97a000 	C:\Windows\SYSTEM32\VERSION.dll
0x00007ff8e5680000 - 0x00007ff8e56ef000 	C:\Windows\System32\WS2_32.dll
0x00007ff8d98f0000 - 0x00007ff8d991d000 	C:\Windows\SYSTEM32\WINMMBASE.dll
0x00007ff8e4280000 - 0x00007ff8e42ca000 	C:\Windows\System32\cfgmgr32.dll
0x00007ff8e32e0000 - 0x00007ff8e32f1000 	C:\Windows\System32\kernel.appcore.dll
0x00007ff8ddd10000 - 0x00007ff8ddd1a000 	C:\Users\kubag\.jdks\openjdk-15.0.2\bin\jimage.dll
0x00007ff8db070000 - 0x00007ff8db264000 	C:\Windows\SYSTEM32\DBGHELP.DLL
0x00007ff8db040000 - 0x00007ff8db06a000 	C:\Windows\SYSTEM32\dbgcore.DLL
0x00007ff8d5e40000 - 0x00007ff8d5e65000 	C:\Users\kubag\.jdks\openjdk-15.0.2\bin\java.dll
0x00007ff8e4f60000 - 0x00007ff8e5648000 	C:\Windows\System32\SHELL32.dll
0x00007ff8e6130000 - 0x00007ff8e61d7000 	C:\Windows\System32\shcore.dll
0x00007ff8e3a00000 - 0x00007ff8e417b000 	C:\Windows\System32\windows.storage.dll
0x00007ff8e32c0000 - 0x00007ff8e32de000 	C:\Windows\System32\profapi.dll
0x00007ff8e3320000 - 0x00007ff8e336a000 	C:\Windows\System32\powrprof.dll
0x00007ff8e32b0000 - 0x00007ff8e32c0000 	C:\Windows\System32\UMPDC.dll
0x00007ff8e4aa0000 - 0x00007ff8e4af2000 	C:\Windows\System32\shlwapi.dll
0x00007ff8e4330000 - 0x00007ff8e4347000 	C:\Windows\System32\cryptsp.dll
0x00007ff8d6a60000 - 0x00007ff8d6a79000 	C:\Users\kubag\.jdks\openjdk-15.0.2\bin\net.dll
0x00007ff8dea70000 - 0x00007ff8deb6a000 	C:\Windows\SYSTEM32\WINHTTP.dll
0x00007ff8e2af0000 - 0x00007ff8e2b57000 	C:\Windows\system32\mswsock.dll
0x00007ff8d5e20000 - 0x00007ff8d5e32000 	C:\Users\kubag\.jdks\openjdk-15.0.2\bin\nio.dll
0x00007ff8d5100000 - 0x00007ff8d5118000 	C:\Users\kubag\.jdks\openjdk-15.0.2\bin\zip.dll
0x00007ff8c8300000 - 0x00007ff8c8364000 	C:\Users\kubag\AppData\Local\Temp\lwjglkubag\3.2.3-build-13\lwjgl.dll
0x00007ff8c54b0000 - 0x00007ff8c5512000 	C:\Users\kubag\AppData\Local\Temp\lwjglkubag\3.2.3-build-13\glfw.dll
0x00007ff8e1600000 - 0x00007ff8e1699000 	C:\Windows\system32\uxtheme.dll
0x00007ff8dca00000 - 0x00007ff8dca43000 	C:\Windows\SYSTEM32\dinput8.dll
0x00007ff8d50e0000 - 0x00007ff8d50f1000 	C:\Windows\SYSTEM32\xinput1_4.dll
0x00007ff8e3090000 - 0x00007ff8e30ba000 	C:\Windows\SYSTEM32\DEVOBJ.dll
0x00007ff8e1a20000 - 0x00007ff8e1a4d000 	C:\Windows\SYSTEM32\dwmapi.dll
0x00007ff8d84f0000 - 0x00007ff8d860c000 	C:\Windows\SYSTEM32\inputhost.dll
0x00007ff8d90a0000 - 0x00007ff8d93ca000 	C:\Windows\SYSTEM32\CoreUIComponents.dll
0x00007ff8df960000 - 0x00007ff8dfab2000 	C:\Windows\SYSTEM32\wintypes.dll
0x00007ff8e0fb0000 - 0x00007ff8e1084000 	C:\Windows\SYSTEM32\CoreMessaging.dll
0x00007ff8dfac0000 - 0x00007ff8dfbb0000 	C:\Windows\SYSTEM32\PROPSYS.dll
0x00007ff8e5df0000 - 0x00007ff8e5eb5000 	C:\Windows\System32\OLEAUT32.dll
0x00007ff8e22f0000 - 0x00007ff8e2321000 	C:\Windows\SYSTEM32\ntmarta.dll
0x00007ff8e4880000 - 0x00007ff8e49b5000 	C:\Windows\System32\MSCTF.dll
0x00007ff8e1e90000 - 0x00007ff8e1e9e000 	C:\Windows\SYSTEM32\HID.DLL
0x00007ff8e58a0000 - 0x00007ff8e5d10000 	C:\Windows\System32\SETUPAPI.DLL
0x00007ff8e3920000 - 0x00007ff8e3946000 	C:\Windows\System32\bcrypt.dll
0x00007ff8e42d0000 - 0x00007ff8e432c000 	C:\Windows\System32\WINTRUST.dll
0x00007ff8e3300000 - 0x00007ff8e3312000 	C:\Windows\System32\MSASN1.dll
0x00007ff8e4350000 - 0x00007ff8e44a1000 	C:\Windows\System32\CRYPT32.dll
0x00007ff8d51d0000 - 0x00007ff8d5326000 	C:\Windows\SYSTEM32\opengl32.dll
0x00007ff8de320000 - 0x00007ff8de34c000 	C:\Windows\SYSTEM32\GLU32.dll
0x00007ff8e1ef0000 - 0x00007ff8e1f10000 	C:\Windows\SYSTEM32\dxcore.dll
0x00007ff87ddf0000 - 0x00007ff880635000 	C:\Windows\System32\DriverStore\FileRepository\nvacegpu.inf_amd64_d6e443c3f366fc32\nvoglv64.dll
0x00007ff8e4ba0000 - 0x00007ff8e4cf7000 	C:\Windows\System32\ole32.dll
0x00007ff8df120000 - 0x00007ff8df133000 	C:\Windows\SYSTEM32\WTSAPI32.dll
0x00007ff8b3ff0000 - 0x00007ff8b42b6000 	C:\Windows\system32\nvspcap64.dll
0x00007ff8e2360000 - 0x00007ff8e23b6000 	C:\Windows\SYSTEM32\WINSTA.dll
0x00007ff8d8610000 - 0x00007ff8d86ad000 	C:\Windows\System32\TextInputFramework.dll
0x00007ff8d6710000 - 0x00007ff8d69b7000 	C:\Windows\System32\iertutil.dll
0x00007ff8c4230000 - 0x00007ff8c4289000 	C:\Users\kubag\AppData\Local\Temp\lwjglkubag\3.2.3-build-13\lwjgl_opengl.dll

dbghelp: loaded successfully - version: 4.0.5 - missing functions: none
symbol engine: initialized successfully - sym options: 0x614 - pdb path: .;C:\Users\kubag\.jdks\openjdk-15.0.2\bin;C:\Windows\SYSTEM32;C:\Program Files\Avast Software\Avast;C:\Windows\WinSxS\amd64_microsoft.windows.common-controls_6595b64144ccf1df_6.0.18362.1440_none_9e7dbfb9e45e8e67;C:\Users\kubag\.jdks\openjdk-15.0.2\bin\server;C:\Users\kubag\AppData\Local\Temp\lwjglkubag\3.2.3-build-13;C:\Windows\System32\DriverStore\FileRepository\nvacegpu.inf_amd64_d6e443c3f366fc32

VM Arguments:
jvm_args: -Dfile.encoding=windows-1252 -Duser.country=CZ -Duser.language=cs -Duser.variant -Xmx256M 
java_command: educanet.Main
java_class_path (initial): C:\Users\kubag\IdeaProjects\GDV\build\classes\java\main;C:\Users\kubag\IdeaProjects\GDV\build\resources\main;C:\Users\kubag\.gradle\caches\modules-2\files-2.1\org.lwjgl\lwjgl-assimp\3.2.3\f62aa07a20afbdd3097efc296c4841e0d29700eb\lwjgl-assimp-3.2.3.jar;C:\Users\kubag\.gradle\caches\modules-2\files-2.1\org.lwjgl\lwjgl-assimp\3.2.3\4e60aeb75f0343c4a9ede4ef8b6b32ca702a00a3\lwjgl-assimp-3.2.3-natives-windows.jar;C:\Users\kubag\.gradle\caches\modules-2\files-2.1\org.lwjgl\lwjgl-glfw\3.2.3\5e520d5c290c8b012545a8d34fa5db5ab051ea53\lwjgl-glfw-3.2.3.jar;C:\Users\kubag\.gradle\caches\modules-2\files-2.1\org.lwjgl\lwjgl-glfw\3.2.3\b4d8a3477cdc2edcf7a5f1e822926be846223f54\lwjgl-glfw-3.2.3-natives-windows.jar;C:\Users\kubag\.gradle\caches\modules-2\files-2.1\org.lwjgl\lwjgl-openal\3.2.3\106742e805803ab9eab8e343f0fb31a3d263903c\lwjgl-openal-3.2.3.jar;C:\Users\kubag\.gradle\caches\modules-2\files-2.1\org.lwjgl\lwjgl-openal\3.2.3\ec898e8ce11b5886f4f532a1536283ef2817758d\lwjgl-openal-3.2.3-natives-windows.jar;C:\Users\kubag\.gradle\caches\modules-2\files-2.1\org.lwjgl\lwjgl-opengl\3.2.3\bdd534a323d0c8f54969b95e424b6ac8984f7d6e\lwjgl-opengl-3.2.3.jar;C:\Users\kubag\.gradle\caches\modules-2\files-2.1\org.lwjgl\lwjgl-opengl\3.2.3\e81cfc73ec8708e5e791ed770e4ec3edfc1bbab1\lwjgl-opengl-3.2.3-natives-windows.jar;C:\Users\kubag\.gradle\caches\modules-2\files-2.1\org.lwjgl\lwjgl-stb\3.2.3\40eccaa4fa86fc815f2e17946a392fb5fdcc286a\lwjgl-stb-3.2.3.jar;C:\Users\kubag\.gradle\caches\modules-2\files-2.1\org.lwjgl\lwjgl-stb\3.2.3\817b21ec286f0ba3dcedb56a3bd275e6a9345be9\lwjgl-stb-3.2.3-natives-windows.jar;C:\Users\kubag\.gradle\caches\modules-2\files-2.1\org.lwjgl\lwjgl\3.2.3\17a59ba0fe8d474ec9dbe0d5db40d2cfe59c4c08\lwjgl-3.2.3.jar;C:\Users\kubag\.gradle\caches\modules-2\files-2.1\org.lwjgl\lwjgl\3.2.3\27f32cd35349684745951e04388e8e00d681cdcd\lwjgl-3.2.3-natives-windows.jar;C:\Users\kubag\.gradle\caches\modules-2\files-2.1\org.joml\joml\1.10.0\a29b8bf72dc1478e9ceea256db2
Launcher Type: SUN_STANDARD

[Global flags]
     intx CICompilerCount                          = 4                                         {product} {ergonomic}
     uint ConcGCThreads                            = 2                                         {product} {ergonomic}
     uint G1ConcRefinementThreads                  = 8                                         {product} {ergonomic}
   size_t G1HeapRegionSize                         = 1048576                                   {product} {ergonomic}
    uintx GCDrainStackTargetSize                   = 64                                        {product} {ergonomic}
   size_t InitialHeapSize                          = 132120576                                 {product} {ergonomic}
   size_t MarkStackSize                            = 4194304                                   {product} {ergonomic}
   size_t MaxHeapSize                              = 268435456                                 {product} {command line}
   size_t MaxNewSize                               = 160432128                                 {product} {ergonomic}
   size_t MinHeapDeltaBytes                        = 1048576                                   {product} {ergonomic}
   size_t MinHeapSize                              = 8388608                                   {product} {ergonomic}
    uintx NonNMethodCodeHeapSize                   = 5839372                                {pd product} {ergonomic}
    uintx NonProfiledCodeHeapSize                  = 122909434                              {pd product} {ergonomic}
    uintx ProfiledCodeHeapSize                     = 122909434                              {pd product} {ergonomic}
    uintx ReservedCodeCacheSize                    = 251658240                              {pd product} {ergonomic}
     bool SegmentedCodeCache                       = true                                      {product} {ergonomic}
   size_t SoftMaxHeapSize                          = 268435456                              {manageable} {ergonomic}
     bool UseCompressedClassPointers               = true                                 {lp64_product} {ergonomic}
     bool UseCompressedOops                        = true                                 {lp64_product} {ergonomic}
     bool UseG1GC                                  = true                                      {product} {ergonomic}
     bool UseLargePagesIndividualAllocation        = false                                  {pd product} {ergonomic}

Logging:
Log output configuration:
 #0: stdout all=warning uptime,level,tags
 #1: stderr all=off uptime,level,tags

Environment Variables:
JAVA_HOME=C:\Program Files\Java\jdk-14.0.1
_JAVA_OPTIONS=-Xmx256M
PATH=C:\Program Files (x86)\Common Files\Oracle\Java\javapath;C:\Program Files (x86)\Razer Chroma SDK\bin;C:\Program Files\Razer Chroma SDK\bin;C:\Program Files (x86)\Razer\ChromaBroadcast\bin;C:\Program Files\Razer\ChromaBroadcast\bin;C:\Windows\system32;C:\Windows;C:\Windows\System32\Wbem;C:\Windows\System32\WindowsPowerShell\v1.0\;C:\Windows\System32\OpenSSH\;C:\Program Files (x86)\NVIDIA Corporation\PhysX\Common;C:\Program Files\NVIDIA Corporation\NVIDIA NvDLISR;C:\Windows\system32\config\systemprofile\AppData\Local\Microsoft\WindowsApps;C:\Program Files\Java\jdk-14.0.1\bin;C:\Users\kubag\OneDrive\Desktop\every\apache-maven-3.6.3\bin;C:\Program Files\Cepstral\bin;C:\Program Files (x86)\Cepstral\bin;C:\Program Files\Git\cmd;C:\Program Files\nodejs\;C:\Users\kubag\AppData\Local\Microsoft\WindowsApps;C:\Users\kubag\AppData\Local\GitHubDesktop\bin;C:\Users\kubag\AppData\Local\Programs\Microsoft VS Code\bin;C:\Users\kubag\AppData\Roaming\npm
USERNAME=kubag
OS=Windows_NT
PROCESSOR_IDENTIFIER=Intel64 Family 6 Model 158 Stepping 10, GenuineIntel



---------------  S Y S T E M  ---------------

OS:
 Windows 10 , 64 bit Build 18362 (10.0.18362.1350)
OS uptime: 3 days 7:01 hours

CPU: total 8 (initial active 8) (4 cores per cpu, 2 threads per core) family 6 model 158 stepping 10 microcode 0xb4, cmov, cx8, fxsr, mmx, sse, sse2, sse3, ssse3, sse4.1, sse4.2, popcnt, vzeroupper, avx, avx2, aes, clmul, erms, 3dnowpref, lzcnt, ht, tsc, tscinvbit, bmi1, bmi2, adx, fma, clflush, clflushopt

Memory: 4k page, system-wide physical 8034M (641M free)
TotalPageFile size 28105M (AvailPageFile size 12819M)
current process WorkingSet (physical memory assigned to process): 81M, peak: 81M
current process commit charge ("private bytes"): 249M, peak: 249M

vm_info: OpenJDK 64-Bit Server VM (15.0.2+7-27) for windows-amd64 JRE (15.0.2+7-27), built on Dec  7 2020 20:02:38 by "mach5one" with unknown MS VC++:1925

END.
