#
# A fatal error has been detected by the Java Runtime Environment:
#
#  EXCEPTION_ACCESS_VIOLATION (0xc0000005) at pc=0x00007ff8e6416ab6, pid=14816, tid=17944
#
# JRE version: OpenJDK Runtime Environment (15.0.2+7) (build 15.0.2+7-27)
# Java VM: OpenJDK 64-Bit Server VM (15.0.2+7-27, mixed mode, sharing, tiered, compressed oops, g1 gc, windows-amd64)
# Problematic frame:
# C  [ntdll.dll+0x16ab6]
#
# No core dump will be written. Minidumps are not enabled by default on client versions of Windows
#
# If you would like to submit a bug report, please visit:
#   https://bugreport.java.com/bugreport/crash.jsp
# The crash happened outside the Java Virtual Machine in native code.
# See problematic frame for where to report the bug.
#

---------------  S U M M A R Y ------------

Command Line: -Dfile.encoding=windows-1252 -Duser.country=CZ -Duser.language=cs -Duser.variant -Xmx256M educanet.Main

Host: Intel(R) Core(TM) i5-8300H CPU @ 2.30GHz, 8 cores, 7G,  Windows 10 , 64 bit Build 18362 (10.0.18362.1350)
Time: Tue Mar 16 16:53:08 2021 Strední Evropa (be?ný cas) elapsed time: 0.355969 seconds (0d 0h 0m 0s)

---------------  T H R E A D  ---------------

Current thread (0x0000019c915ebe10):  JavaThread "main" [_thread_in_native, id=17944, stack(0x00000068e6200000,0x00000068e6300000)]

Stack: [0x00000068e6200000,0x00000068e6300000],  sp=0x00000068e62febd8,  free space=1018k
Native frames: (J=compiled Java code, j=interpreted, Vv=VM code, C=native code)
C  [ntdll.dll+0x16ab6]

Java frames: (J=compiled Java code, j=interpreted, Vv=VM code)
j  org.lwjgl.system.JNI.invokePPPP(IIJJJJ)J+0
j  org.lwjgl.glfw.GLFW.nglfwCreateWindow(IIJJJ)J+14
j  org.lwjgl.glfw.GLFW.glfwCreateWindow(IILjava/lang/CharSequence;JJ)J+37
j  educanet.Main.main([Ljava/lang/String;)V+26
v  ~StubRoutines::call_stub

siginfo: EXCEPTION_ACCESS_VIOLATION (0xc0000005), reading address 0x0000000000000091


Register to memory mapping:

RIP=0x00007ff8e6416ab6 ntdll.dll
RAX=0x0 is NULL
RBX=0x00000068e62fec60 is pointing into the stack for thread: 0x0000019c915ebe10
RCX=0x00000068e62fec00 is pointing into the stack for thread: 0x0000019c915ebe10
RDX=0x0000000000000091 is an unknown value
RSP=0x00000068e62febd8 is pointing into the stack for thread: 0x0000019c915ebe10
RBP=0x0 is NULL
RSI=0x00000000000000dc is an unknown value
RDI=0x00000068e62fedd0 is pointing into the stack for thread: 0x0000019c915ebe10
R8 =0x0 is NULL
R9 =0x0000000000000004 is an unknown value
R10=0x000000000000001b is an unknown value
R11=0x00000068e62fec60 is pointing into the stack for thread: 0x0000019c915ebe10
R12=
[error occurred during error reporting (printing register info), id 0xc0000005, EXCEPTION_ACCESS_VIOLATION (0xc0000005) at pc=0x00007ff885158322]

Registers:
RAX=0x0000000000000000, RBX=0x00000068e62fec60, RCX=0x00000068e62fec00, RDX=0x0000000000000091
RSP=0x00000068e62febd8, RBP=0x0000000000000000, RSI=0x00000000000000dc, RDI=0x00000068e62fedd0
R8 =0x0000000000000000, R9 =0x0000000000000004, R10=0x000000000000001b, R11=0x00000068e62fec60
R12=0x00000000ffffffff, R13=0x0000000000000000, R14=0x0000000000000000, R15=0x0000000000000004
RIP=0x00007ff8e6416ab6, EFLAGS=0x0000000000010256

Top of Stack: (sp=0x00000068e62febd8)
0x00000068e62febd8:   00007ff8e4d1caf5 0000000800000301
0x00000068e62febe8:   0000000000000010 000000000000005e
0x00000068e62febf8:   0000019cacc27710 0000000000000000
0x00000068e62fec08:   0000000000000091 0000019c915ebe10
0x00000068e62fec18:   0000000000040008 0000019cac36c0b8
0x00000068e62fec28:   0000000000000000 00000068e62fedd0
0x00000068e62fec38:   00007ff8c54b9ba0 0000000000000001
0x00000068e62fec48:   00000000000000dc 00000068e62fedd4
0x00000068e62fec58:   0000019c8f460328 0000000000000000
0x00000068e62fec68:   0000000000000000 0000000000000000
0x00000068e62fec78:   0000000000000000 0000000000000000
0x00000068e62fec88:   0000000000000000 0000000000000000
0x00000068e62fec98:   0000000000000000 000000dc00000000
0x00000068e62feca8:   0000000000000000 0000000000000000
0x00000068e62fecb8:   0000000000000000 0000000000000000
0x00000068e62fecc8:   0000000000000000 0000000000000000 

Instructions: (pc=0x00007ff8e6416ab6)
0x00007ff8e64169b6:   00 04 b0 01 89 0e 48 8b 8c 24 d0 00 00 00 48 33
0x00007ff8e64169c6:   cc e8 84 64 07 00 4c 8d 9c 24 e0 00 00 00 49 8b
0x00007ff8e64169d6:   5b 20 49 8b 73 28 49 8b e3 5f c3 41 b8 03 00 00
0x00007ff8e64169e6:   00 48 8d 4c 24 20 48 8b d6 e8 9c 03 00 00 85 c0
0x00007ff8e64169f6:   40 0f 99 c7 40 8a c7 eb bd e8 ec 65 07 00 cc cc
0x00007ff8e6416a06:   cc cc cc cc cc cc 48 8b c4 48 89 58 08 48 89 68
0x00007ff8e6416a16:   10 48 89 70 18 48 89 78 20 41 56 48 83 ec 20 45
0x00007ff8e6416a26:   33 f6 48 8b f2 48 8b d9 48 85 c9 74 42 48 85 d2
0x00007ff8e6416a36:   74 3d 41 8b fe 66 44 3b 71 06 73 33 41 8b ee 48
0x00007ff8e6416a46:   8b 43 10 48 0f bf 0c 28 48 8b 43 18 48 8d 0c 48
0x00007ff8e6416a56:   48 3b ce 74 1f 48 8b d6 e8 0d 7e 07 00 85 c0 74
0x00007ff8e6416a66:   13 0f b7 43 06 ff c7 48 83 c5 02 3b f8 7c d0 83
0x00007ff8e6416a76:   c8 ff eb 02 8b c7 48 8b 5c 24 30 48 8b 6c 24 38
0x00007ff8e6416a86:   48 8b 74 24 40 48 8b 7c 24 48 48 83 c4 20 41 5e
0x00007ff8e6416a96:   c3 cc cc cc cc cc cc cc cc cc 45 33 c0 4c 89 01
0x00007ff8e6416aa6:   48 89 51 08 48 85 d2 74 2b 48 83 c8 ff 48 ff c0
0x00007ff8e6416ab6:   66 44 39 04 42 75 f6 48 03 c0 ba fc ff 00 00 48
0x00007ff8e6416ac6:   3d fe ff 00 00 48 0f 43 c2 66 89 01 66 83 c0 02
0x00007ff8e6416ad6:   66 89 41 02 c3 cc cc cc cc cc cc cc cc cc cc cc
0x00007ff8e6416ae6:   cc cc cc cc cc cc cc cc cc cc 48 89 5c 24 18 55
0x00007ff8e6416af6:   56 57 41 56 41 57 48 8d 6c 24 c9 48 81 ec 00 01
0x00007ff8e6416b06:   00 00 48 8b 05 f1 69 16 00 48 33 c4 48 89 45 27
0x00007ff8e6416b16:   48 c7 44 24 20 55 00 00 00 41 8a f1 45 8b f0 48
0x00007ff8e6416b26:   8b fa 8b d9 f7 c1 ff ef ff ff 0f 84 34 54 09 00
0x00007ff8e6416b36:   45 33 ff 48 85 d2 0f 84 7a 54 09 00 41 f7 c0 fd
0x00007ff8e6416b46:   ff ff ff 0f 85 a7 53 09 00 45 84 c9 75 0a 4c 39
0x00007ff8e6416b56:   7a 08 0f 84 5e 54 09 00 81 fb 00 14 00 00 0f 84
0x00007ff8e6416b66:   96 53 09 00 8d 81 00 fc ff ff a9 ff f7 ff ff 0f
0x00007ff8e6416b76:   84 08 54 09 00 4c 39 3d f6 f7 14 00 0f 84 a3 53
0x00007ff8e6416b86:   09 00 81 fb 00 08 00 00 0f 44 1d f3 cf 14 00 8b
0x00007ff8e6416b96:   cb e8 98 01 00 00 85 c0 0f 88 c6 53 09 00 4c 63
0x00007ff8e6416ba6:   c0 41 f6 c6 02 0f 84 8c 53 09 00 0f ae e8 48 8b 


Stack slot to memory mapping:
stack at sp + 0 slots: 0x00007ff8e4d1caf5 USER32.dll
stack at sp + 1 slots: 0x0000000800000301 is pointing into metadata
stack at sp + 2 slots: 0x0000000000000010 is an unknown value
stack at sp + 3 slots: 0x000000000000005e is an unknown value
stack at sp + 4 slots: 0x0000019cacc27710 points into unknown readable memory: 0x0000ae04000000ae | ae 00 00 00 04 ae 00 00
stack at sp + 5 slots: 0x0 is NULL
stack at sp + 6 slots: 0x0000000000000091 is an unknown value
stack at sp + 7 slots: 0x0000019c915ebe10 is a thread


---------------  P R O C E S S  ---------------

Threads class SMR info:
_java_thread_list=0x0000019cac8af320, length=11, elements={
0x0000019c915ebe10, 0x0000019cabe44a80, 0x0000019cabe45df0, 0x0000019cabe620a0,
0x0000019cabe64b60, 0x0000019cabe66dc0, 0x0000019cabe6b840, 0x0000019cabe6cb80,
0x0000019cac7f8070, 0x0000019cac8b25a0, 0x0000019cac8d4870
}

Java Threads: ( => current thread )
=>0x0000019c915ebe10 JavaThread "main" [_thread_in_native, id=17944, stack(0x00000068e6200000,0x00000068e6300000)]
  0x0000019cabe44a80 JavaThread "Reference Handler" daemon [_thread_blocked, id=284, stack(0x00000068e6900000,0x00000068e6a00000)]
  0x0000019cabe45df0 JavaThread "Finalizer" daemon [_thread_blocked, id=23568, stack(0x00000068e6a00000,0x00000068e6b00000)]
  0x0000019cabe620a0 JavaThread "Signal Dispatcher" daemon [_thread_blocked, id=18612, stack(0x00000068e6b00000,0x00000068e6c00000)]
  0x0000019cabe64b60 JavaThread "Attach Listener" daemon [_thread_blocked, id=13256, stack(0x00000068e6c00000,0x00000068e6d00000)]
  0x0000019cabe66dc0 JavaThread "Service Thread" daemon [_thread_blocked, id=23908, stack(0x00000068e6d00000,0x00000068e6e00000)]
  0x0000019cabe6b840 JavaThread "C2 CompilerThread0" daemon [_thread_blocked, id=14732, stack(0x00000068e6e00000,0x00000068e6f00000)]
  0x0000019cabe6cb80 JavaThread "C1 CompilerThread0" daemon [_thread_blocked, id=21420, stack(0x00000068e6f00000,0x00000068e7000000)]
  0x0000019cac7f8070 JavaThread "Sweeper thread" daemon [_thread_blocked, id=15936, stack(0x00000068e7000000,0x00000068e7100000)]
  0x0000019cac8b25a0 JavaThread "Notification Thread" daemon [_thread_blocked, id=15148, stack(0x00000068e7100000,0x00000068e7200000)]
  0x0000019cac8d4870 JavaThread "Common-Cleaner" daemon [_thread_blocked, id=22548, stack(0x00000068e7300000,0x00000068e7400000)]

Other Threads:
  0x0000019cabe42a60 VMThread "VM Thread" [stack: 0x00000068e6800000,0x00000068e6900000] [id=2536]
  0x0000019cac8b7090 WatcherThread [stack: 0x00000068e7200000,0x00000068e7300000] [id=23816]
  0x0000019c9160ff10 GCTaskThread "GC Thread#0" [stack: 0x00000068e6300000,0x00000068e6400000] [id=14728]
  0x0000019c91614170 ConcurrentGCThread "G1 Main Marker" [stack: 0x00000068e6400000,0x00000068e6500000] [id=12704]
  0x0000019c91615500 ConcurrentGCThread "G1 Conc#0" [stack: 0x00000068e6500000,0x00000068e6600000] [id=19388]
  0x0000019c9169a810 ConcurrentGCThread "G1 Refine#0" [stack: 0x00000068e6600000,0x00000068e6700000] [id=3768]
  0x0000019c9169b410 ConcurrentGCThread "G1 Young RemSet Sampling" [stack: 0x00000068e6700000,0x00000068e6800000] [id=21676]

Threads with active compile tasks:

VM state: not at safepoint (normal execution)

VM Mutex/Monitor currently owned by a thread: None

Heap address: 0x00000000f0000000, size: 256 MB, Compressed Oops mode: 32-bit
CDS archive(s) mapped at: [0x0000000800000000-0x0000000800b50000-0x0000000800b50000), size 11862016, SharedBaseAddress: 0x0000000800000000, ArchiveRelocationMode: 0.
Compressed class space mapped at: 0x0000000800b50000-0x0000000840b50000, size: 1073741824
Narrow klass base: 0x0000000800000000, Narrow klass shift: 3, Narrow klass range: 0x100000000

GC Precious Log:
 CPUs: 8 total, 8 available
 Memory: 8034M
 Large Page Support: Disabled
 NUMA Support: Disabled
 Compressed Oops: Enabled (32-bit)
 Heap Region Size: 1M
 Heap Min Capacity: 8M
 Heap Initial Capacity: 126M
 Heap Max Capacity: 256M
 Pre-touch: Disabled
 Parallel Workers: 8
 Concurrent Workers: 2
 Concurrent Refinement Workers: 8
 Periodic GC: Disabled

Heap:
 garbage-first heap   total 129024K, used 4096K [0x00000000f0000000, 0x0000000100000000)
  region size 1024K, 5 young (5120K), 0 survivors (0K)
 Metaspace       used 2229K, capacity 5356K, committed 5632K, reserved 1056768K
  class space    used 166K, capacity 443K, committed 512K, reserved 1048576K

Heap Regions: E=young(eden), S=young(survivor), O=old, HS=humongous(starts), HC=humongous(continues), CS=collection set, F=free, OA=open archive, CA=closed archive, TAMS=top-at-mark-start (previous, next)
|   0|0x00000000f0000000, 0x00000000f0000000, 0x00000000f0100000|  0%| F|  |TAMS 0x00000000f0000000, 0x00000000f0000000| Untracked 
|   1|0x00000000f0100000, 0x00000000f0100000, 0x00000000f0200000|  0%| F|  |TAMS 0x00000000f0100000, 0x00000000f0100000| Untracked 
|   2|0x00000000f0200000, 0x00000000f0200000, 0x00000000f0300000|  0%| F|  |TAMS 0x00000000f0200000, 0x00000000f0200000| Untracked 
|   3|0x00000000f0300000, 0x00000000f0300000, 0x00000000f0400000|  0%| F|  |TAMS 0x00000000f0300000, 0x00000000f0300000| Untracked 
|   4|0x00000000f0400000, 0x00000000f0400000, 0x00000000f0500000|  0%| F|  |TAMS 0x00000000f0400000, 0x00000000f0400000| Untracked 
|   5|0x00000000f0500000, 0x00000000f0500000, 0x00000000f0600000|  0%| F|  |TAMS 0x00000000f0500000, 0x00000000f0500000| Untracked 
|   6|0x00000000f0600000, 0x00000000f0600000, 0x00000000f0700000|  0%| F|  |TAMS 0x00000000f0600000, 0x00000000f0600000| Untracked 
|   7|0x00000000f0700000, 0x00000000f0700000, 0x00000000f0800000|  0%| F|  |TAMS 0x00000000f0700000, 0x00000000f0700000| Untracked 
|   8|0x00000000f0800000, 0x00000000f0800000, 0x00000000f0900000|  0%| F|  |TAMS 0x00000000f0800000, 0x00000000f0800000| Untracked 
|   9|0x00000000f0900000, 0x00000000f0900000, 0x00000000f0a00000|  0%| F|  |TAMS 0x00000000f0900000, 0x00000000f0900000| Untracked 
|  10|0x00000000f0a00000, 0x00000000f0a00000, 0x00000000f0b00000|  0%| F|  |TAMS 0x00000000f0a00000, 0x00000000f0a00000| Untracked 
|  11|0x00000000f0b00000, 0x00000000f0b00000, 0x00000000f0c00000|  0%| F|  |TAMS 0x00000000f0b00000, 0x00000000f0b00000| Untracked 
|  12|0x00000000f0c00000, 0x00000000f0c00000, 0x00000000f0d00000|  0%| F|  |TAMS 0x00000000f0c00000, 0x00000000f0c00000| Untracked 
|  13|0x00000000f0d00000, 0x00000000f0d00000, 0x00000000f0e00000|  0%| F|  |TAMS 0x00000000f0d00000, 0x00000000f0d00000| Untracked 
|  14|0x00000000f0e00000, 0x00000000f0e00000, 0x00000000f0f00000|  0%| F|  |TAMS 0x00000000f0e00000, 0x00000000f0e00000| Untracked 
|  15|0x00000000f0f00000, 0x00000000f0f00000, 0x00000000f1000000|  0%| F|  |TAMS 0x00000000f0f00000, 0x00000000f0f00000| Untracked 
|  16|0x00000000f1000000, 0x00000000f1000000, 0x00000000f1100000|  0%| F|  |TAMS 0x00000000f1000000, 0x00000000f1000000| Untracked 
|  17|0x00000000f1100000, 0x00000000f1100000, 0x00000000f1200000|  0%| F|  |TAMS 0x00000000f1100000, 0x00000000f1100000| Untracked 
|  18|0x00000000f1200000, 0x00000000f1200000, 0x00000000f1300000|  0%| F|  |TAMS 0x00000000f1200000, 0x00000000f1200000| Untracked 
|  19|0x00000000f1300000, 0x00000000f1300000, 0x00000000f1400000|  0%| F|  |TAMS 0x00000000f1300000, 0x00000000f1300000| Untracked 
|  20|0x00000000f1400000, 0x00000000f1400000, 0x00000000f1500000|  0%| F|  |TAMS 0x00000000f1400000, 0x00000000f1400000| Untracked 
|  21|0x00000000f1500000, 0x00000000f1500000, 0x00000000f1600000|  0%| F|  |TAMS 0x00000000f1500000, 0x00000000f1500000| Untracked 
|  22|0x00000000f1600000, 0x00000000f1600000, 0x00000000f1700000|  0%| F|  |TAMS 0x00000000f1600000, 0x00000000f1600000| Untracked 
|  23|0x00000000f1700000, 0x00000000f1700000, 0x00000000f1800000|  0%| F|  |TAMS 0x00000000f1700000, 0x00000000f1700000| Untracked 
|  24|0x00000000f1800000, 0x00000000f1800000, 0x00000000f1900000|  0%| F|  |TAMS 0x00000000f1800000, 0x00000000f1800000| Untracked 
|  25|0x00000000f1900000, 0x00000000f1900000, 0x00000000f1a00000|  0%| F|  |TAMS 0x00000000f1900000, 0x00000000f1900000| Untracked 
|  26|0x00000000f1a00000, 0x00000000f1a00000, 0x00000000f1b00000|  0%| F|  |TAMS 0x00000000f1a00000, 0x00000000f1a00000| Untracked 
|  27|0x00000000f1b00000, 0x00000000f1b00000, 0x00000000f1c00000|  0%| F|  |TAMS 0x00000000f1b00000, 0x00000000f1b00000| Untracked 
|  28|0x00000000f1c00000, 0x00000000f1c00000, 0x00000000f1d00000|  0%| F|  |TAMS 0x00000000f1c00000, 0x00000000f1c00000| Untracked 
|  29|0x00000000f1d00000, 0x00000000f1d00000, 0x00000000f1e00000|  0%| F|  |TAMS 0x00000000f1d00000, 0x00000000f1d00000| Untracked 
|  30|0x00000000f1e00000, 0x00000000f1e00000, 0x00000000f1f00000|  0%| F|  |TAMS 0x00000000f1e00000, 0x00000000f1e00000| Untracked 
|  31|0x00000000f1f00000, 0x00000000f1f00000, 0x00000000f2000000|  0%| F|  |TAMS 0x00000000f1f00000, 0x00000000f1f00000| Untracked 
|  32|0x00000000f2000000, 0x00000000f2000000, 0x00000000f2100000|  0%| F|  |TAMS 0x00000000f2000000, 0x00000000f2000000| Untracked 
|  33|0x00000000f2100000, 0x00000000f2100000, 0x00000000f2200000|  0%| F|  |TAMS 0x00000000f2100000, 0x00000000f2100000| Untracked 
|  34|0x00000000f2200000, 0x00000000f2200000, 0x00000000f2300000|  0%| F|  |TAMS 0x00000000f2200000, 0x00000000f2200000| Untracked 
|  35|0x00000000f2300000, 0x00000000f2300000, 0x00000000f2400000|  0%| F|  |TAMS 0x00000000f2300000, 0x00000000f2300000| Untracked 
|  36|0x00000000f2400000, 0x00000000f2400000, 0x00000000f2500000|  0%| F|  |TAMS 0x00000000f2400000, 0x00000000f2400000| Untracked 
|  37|0x00000000f2500000, 0x00000000f2500000, 0x00000000f2600000|  0%| F|  |TAMS 0x00000000f2500000, 0x00000000f2500000| Untracked 
|  38|0x00000000f2600000, 0x00000000f2600000, 0x00000000f2700000|  0%| F|  |TAMS 0x00000000f2600000, 0x00000000f2600000| Untracked 
|  39|0x00000000f2700000, 0x00000000f2700000, 0x00000000f2800000|  0%| F|  |TAMS 0x00000000f2700000, 0x00000000f2700000| Untracked 
|  40|0x00000000f2800000, 0x00000000f2800000, 0x00000000f2900000|  0%| F|  |TAMS 0x00000000f2800000, 0x00000000f2800000| Untracked 
|  41|0x00000000f2900000, 0x00000000f2900000, 0x00000000f2a00000|  0%| F|  |TAMS 0x00000000f2900000, 0x00000000f2900000| Untracked 
|  42|0x00000000f2a00000, 0x00000000f2a00000, 0x00000000f2b00000|  0%| F|  |TAMS 0x00000000f2a00000, 0x00000000f2a00000| Untracked 
|  43|0x00000000f2b00000, 0x00000000f2b00000, 0x00000000f2c00000|  0%| F|  |TAMS 0x00000000f2b00000, 0x00000000f2b00000| Untracked 
|  44|0x00000000f2c00000, 0x00000000f2c00000, 0x00000000f2d00000|  0%| F|  |TAMS 0x00000000f2c00000, 0x00000000f2c00000| Untracked 
|  45|0x00000000f2d00000, 0x00000000f2d00000, 0x00000000f2e00000|  0%| F|  |TAMS 0x00000000f2d00000, 0x00000000f2d00000| Untracked 
|  46|0x00000000f2e00000, 0x00000000f2e00000, 0x00000000f2f00000|  0%| F|  |TAMS 0x00000000f2e00000, 0x00000000f2e00000| Untracked 
|  47|0x00000000f2f00000, 0x00000000f2f00000, 0x00000000f3000000|  0%| F|  |TAMS 0x00000000f2f00000, 0x00000000f2f00000| Untracked 
|  48|0x00000000f3000000, 0x00000000f3000000, 0x00000000f3100000|  0%| F|  |TAMS 0x00000000f3000000, 0x00000000f3000000| Untracked 
|  49|0x00000000f3100000, 0x00000000f3100000, 0x00000000f3200000|  0%| F|  |TAMS 0x00000000f3100000, 0x00000000f3100000| Untracked 
|  50|0x00000000f3200000, 0x00000000f3200000, 0x00000000f3300000|  0%| F|  |TAMS 0x00000000f3200000, 0x00000000f3200000| Untracked 
|  51|0x00000000f3300000, 0x00000000f3300000, 0x00000000f3400000|  0%| F|  |TAMS 0x00000000f3300000, 0x00000000f3300000| Untracked 
|  52|0x00000000f3400000, 0x00000000f3400000, 0x00000000f3500000|  0%| F|  |TAMS 0x00000000f3400000, 0x00000000f3400000| Untracked 
|  53|0x00000000f3500000, 0x00000000f3500000, 0x00000000f3600000|  0%| F|  |TAMS 0x00000000f3500000, 0x00000000f3500000| Untracked 
|  54|0x00000000f3600000, 0x00000000f3600000, 0x00000000f3700000|  0%| F|  |TAMS 0x00000000f3600000, 0x00000000f3600000| Untracked 
|  55|0x00000000f3700000, 0x00000000f3700000, 0x00000000f3800000|  0%| F|  |TAMS 0x00000000f3700000, 0x00000000f3700000| Untracked 
|  56|0x00000000f3800000, 0x00000000f3800000, 0x00000000f3900000|  0%| F|  |TAMS 0x00000000f3800000, 0x00000000f3800000| Untracked 
|  57|0x00000000f3900000, 0x00000000f3900000, 0x00000000f3a00000|  0%| F|  |TAMS 0x00000000f3900000, 0x00000000f3900000| Untracked 
|  58|0x00000000f3a00000, 0x00000000f3a00000, 0x00000000f3b00000|  0%| F|  |TAMS 0x00000000f3a00000, 0x00000000f3a00000| Untracked 
|  59|0x00000000f3b00000, 0x00000000f3b00000, 0x00000000f3c00000|  0%| F|  |TAMS 0x00000000f3b00000, 0x00000000f3b00000| Untracked 
|  60|0x00000000f3c00000, 0x00000000f3c00000, 0x00000000f3d00000|  0%| F|  |TAMS 0x00000000f3c00000, 0x00000000f3c00000| Untracked 
|  61|0x00000000f3d00000, 0x00000000f3d00000, 0x00000000f3e00000|  0%| F|  |TAMS 0x00000000f3d00000, 0x00000000f3d00000| Untracked 
|  62|0x00000000f3e00000, 0x00000000f3e00000, 0x00000000f3f00000|  0%| F|  |TAMS 0x00000000f3e00000, 0x00000000f3e00000| Untracked 
|  63|0x00000000f3f00000, 0x00000000f3f00000, 0x00000000f4000000|  0%| F|  |TAMS 0x00000000f3f00000, 0x00000000f3f00000| Untracked 
|  64|0x00000000f4000000, 0x00000000f4000000, 0x00000000f4100000|  0%| F|  |TAMS 0x00000000f4000000, 0x00000000f4000000| Untracked 
|  65|0x00000000f4100000, 0x00000000f4100000, 0x00000000f4200000|  0%| F|  |TAMS 0x00000000f4100000, 0x00000000f4100000| Untracked 
|  66|0x00000000f4200000, 0x00000000f4200000, 0x00000000f4300000|  0%| F|  |TAMS 0x00000000f4200000, 0x00000000f4200000| Untracked 
|  67|0x00000000f4300000, 0x00000000f4300000, 0x00000000f4400000|  0%| F|  |TAMS 0x00000000f4300000, 0x00000000f4300000| Untracked 
|  68|0x00000000f4400000, 0x00000000f4400000, 0x00000000f4500000|  0%| F|  |TAMS 0x00000000f4400000, 0x00000000f4400000| Untracked 
|  69|0x00000000f4500000, 0x00000000f4500000, 0x00000000f4600000|  0%| F|  |TAMS 0x00000000f4500000, 0x00000000f4500000| Untracked 
|  70|0x00000000f4600000, 0x00000000f4600000, 0x00000000f4700000|  0%| F|  |TAMS 0x00000000f4600000, 0x00000000f4600000| Untracked 
|  71|0x00000000f4700000, 0x00000000f4700000, 0x00000000f4800000|  0%| F|  |TAMS 0x00000000f4700000, 0x00000000f4700000| Untracked 
|  72|0x00000000f4800000, 0x00000000f4800000, 0x00000000f4900000|  0%| F|  |TAMS 0x00000000f4800000, 0x00000000f4800000| Untracked 
|  73|0x00000000f4900000, 0x00000000f4900000, 0x00000000f4a00000|  0%| F|  |TAMS 0x00000000f4900000, 0x00000000f4900000| Untracked 
|  74|0x00000000f4a00000, 0x00000000f4a00000, 0x00000000f4b00000|  0%| F|  |TAMS 0x00000000f4a00000, 0x00000000f4a00000| Untracked 
|  75|0x00000000f4b00000, 0x00000000f4b00000, 0x00000000f4c00000|  0%| F|  |TAMS 0x00000000f4b00000, 0x00000000f4b00000| Untracked 
|  76|0x00000000f4c00000, 0x00000000f4c00000, 0x00000000f4d00000|  0%| F|  |TAMS 0x00000000f4c00000, 0x00000000f4c00000| Untracked 
|  77|0x00000000f4d00000, 0x00000000f4d00000, 0x00000000f4e00000|  0%| F|  |TAMS 0x00000000f4d00000, 0x00000000f4d00000| Untracked 
|  78|0x00000000f4e00000, 0x00000000f4e00000, 0x00000000f4f00000|  0%| F|  |TAMS 0x00000000f4e00000, 0x00000000f4e00000| Untracked 
|  79|0x00000000f4f00000, 0x00000000f4f00000, 0x00000000f5000000|  0%| F|  |TAMS 0x00000000f4f00000, 0x00000000f4f00000| Untracked 
|  80|0x00000000f5000000, 0x00000000f5000000, 0x00000000f5100000|  0%| F|  |TAMS 0x00000000f5000000, 0x00000000f5000000| Untracked 
|  81|0x00000000f5100000, 0x00000000f5100000, 0x00000000f5200000|  0%| F|  |TAMS 0x00000000f5100000, 0x00000000f5100000| Untracked 
|  82|0x00000000f5200000, 0x00000000f5200000, 0x00000000f5300000|  0%| F|  |TAMS 0x00000000f5200000, 0x00000000f5200000| Untracked 
|  83|0x00000000f5300000, 0x00000000f5300000, 0x00000000f5400000|  0%| F|  |TAMS 0x00000000f5300000, 0x00000000f5300000| Untracked 
|  84|0x00000000f5400000, 0x00000000f5400000, 0x00000000f5500000|  0%| F|  |TAMS 0x00000000f5400000, 0x00000000f5400000| Untracked 
|  85|0x00000000f5500000, 0x00000000f5500000, 0x00000000f5600000|  0%| F|  |TAMS 0x00000000f5500000, 0x00000000f5500000| Untracked 
|  86|0x00000000f5600000, 0x00000000f5600000, 0x00000000f5700000|  0%| F|  |TAMS 0x00000000f5600000, 0x00000000f5600000| Untracked 
|  87|0x00000000f5700000, 0x00000000f5700000, 0x00000000f5800000|  0%| F|  |TAMS 0x00000000f5700000, 0x00000000f5700000| Untracked 
|  88|0x00000000f5800000, 0x00000000f5800000, 0x00000000f5900000|  0%| F|  |TAMS 0x00000000f5800000, 0x00000000f5800000| Untracked 
|  89|0x00000000f5900000, 0x00000000f5900000, 0x00000000f5a00000|  0%| F|  |TAMS 0x00000000f5900000, 0x00000000f5900000| Untracked 
|  90|0x00000000f5a00000, 0x00000000f5a00000, 0x00000000f5b00000|  0%| F|  |TAMS 0x00000000f5a00000, 0x00000000f5a00000| Untracked 
|  91|0x00000000f5b00000, 0x00000000f5b00000, 0x00000000f5c00000|  0%| F|  |TAMS 0x00000000f5b00000, 0x00000000f5b00000| Untracked 
|  92|0x00000000f5c00000, 0x00000000f5c00000, 0x00000000f5d00000|  0%| F|  |TAMS 0x00000000f5c00000, 0x00000000f5c00000| Untracked 
|  93|0x00000000f5d00000, 0x00000000f5d00000, 0x00000000f5e00000|  0%| F|  |TAMS 0x00000000f5d00000, 0x00000000f5d00000| Untracked 
|  94|0x00000000f5e00000, 0x00000000f5e00000, 0x00000000f5f00000|  0%| F|  |TAMS 0x00000000f5e00000, 0x00000000f5e00000| Untracked 
|  95|0x00000000f5f00000, 0x00000000f5f00000, 0x00000000f6000000|  0%| F|  |TAMS 0x00000000f5f00000, 0x00000000f5f00000| Untracked 
|  96|0x00000000f6000000, 0x00000000f6000000, 0x00000000f6100000|  0%| F|  |TAMS 0x00000000f6000000, 0x00000000f6000000| Untracked 
|  97|0x00000000f6100000, 0x00000000f6100000, 0x00000000f6200000|  0%| F|  |TAMS 0x00000000f6100000, 0x00000000f6100000| Untracked 
|  98|0x00000000f6200000, 0x00000000f6200000, 0x00000000f6300000|  0%| F|  |TAMS 0x00000000f6200000, 0x00000000f6200000| Untracked 
|  99|0x00000000f6300000, 0x00000000f6300000, 0x00000000f6400000|  0%| F|  |TAMS 0x00000000f6300000, 0x00000000f6300000| Untracked 
| 100|0x00000000f6400000, 0x00000000f6400000, 0x00000000f6500000|  0%| F|  |TAMS 0x00000000f6400000, 0x00000000f6400000| Untracked 
| 101|0x00000000f6500000, 0x00000000f6500000, 0x00000000f6600000|  0%| F|  |TAMS 0x00000000f6500000, 0x00000000f6500000| Untracked 
| 102|0x00000000f6600000, 0x00000000f6600000, 0x00000000f6700000|  0%| F|  |TAMS 0x00000000f6600000, 0x00000000f6600000| Untracked 
| 103|0x00000000f6700000, 0x00000000f6700000, 0x00000000f6800000|  0%| F|  |TAMS 0x00000000f6700000, 0x00000000f6700000| Untracked 
| 104|0x00000000f6800000, 0x00000000f6800000, 0x00000000f6900000|  0%| F|  |TAMS 0x00000000f6800000, 0x00000000f6800000| Untracked 
| 105|0x00000000f6900000, 0x00000000f6900000, 0x00000000f6a00000|  0%| F|  |TAMS 0x00000000f6900000, 0x00000000f6900000| Untracked 
| 106|0x00000000f6a00000, 0x00000000f6a00000, 0x00000000f6b00000|  0%| F|  |TAMS 0x00000000f6a00000, 0x00000000f6a00000| Untracked 
| 107|0x00000000f6b00000, 0x00000000f6b00000, 0x00000000f6c00000|  0%| F|  |TAMS 0x00000000f6b00000, 0x00000000f6b00000| Untracked 
| 108|0x00000000f6c00000, 0x00000000f6c00000, 0x00000000f6d00000|  0%| F|  |TAMS 0x00000000f6c00000, 0x00000000f6c00000| Untracked 
| 109|0x00000000f6d00000, 0x00000000f6d00000, 0x00000000f6e00000|  0%| F|  |TAMS 0x00000000f6d00000, 0x00000000f6d00000| Untracked 
| 110|0x00000000f6e00000, 0x00000000f6e00000, 0x00000000f6f00000|  0%| F|  |TAMS 0x00000000f6e00000, 0x00000000f6e00000| Untracked 
| 111|0x00000000f6f00000, 0x00000000f6f00000, 0x00000000f7000000|  0%| F|  |TAMS 0x00000000f6f00000, 0x00000000f6f00000| Untracked 
| 112|0x00000000f7000000, 0x00000000f7000000, 0x00000000f7100000|  0%| F|  |TAMS 0x00000000f7000000, 0x00000000f7000000| Untracked 
| 113|0x00000000f7100000, 0x00000000f7100000, 0x00000000f7200000|  0%| F|  |TAMS 0x00000000f7100000, 0x00000000f7100000| Untracked 
| 114|0x00000000f7200000, 0x00000000f7200000, 0x00000000f7300000|  0%| F|  |TAMS 0x00000000f7200000, 0x00000000f7200000| Untracked 
| 115|0x00000000f7300000, 0x00000000f7300000, 0x00000000f7400000|  0%| F|  |TAMS 0x00000000f7300000, 0x00000000f7300000| Untracked 
| 116|0x00000000f7400000, 0x00000000f7400000, 0x00000000f7500000|  0%| F|  |TAMS 0x00000000f7400000, 0x00000000f7400000| Untracked 
| 117|0x00000000f7500000, 0x00000000f7500000, 0x00000000f7600000|  0%| F|  |TAMS 0x00000000f7500000, 0x00000000f7500000| Untracked 
| 118|0x00000000f7600000, 0x00000000f7600000, 0x00000000f7700000|  0%| F|  |TAMS 0x00000000f7600000, 0x00000000f7600000| Untracked 
| 119|0x00000000f7700000, 0x00000000f7700000, 0x00000000f7800000|  0%| F|  |TAMS 0x00000000f7700000, 0x00000000f7700000| Untracked 
| 120|0x00000000f7800000, 0x00000000f7800000, 0x00000000f7900000|  0%| F|  |TAMS 0x00000000f7800000, 0x00000000f7800000| Untracked 
| 121|0x00000000f7900000, 0x00000000f7a00000, 0x00000000f7a00000|100%| E|  |TAMS 0x00000000f7900000, 0x00000000f7900000| Complete 
| 122|0x00000000f7a00000, 0x00000000f7b00000, 0x00000000f7b00000|100%| E|CS|TAMS 0x00000000f7a00000, 0x00000000f7a00000| Complete 
| 123|0x00000000f7b00000, 0x00000000f7c00000, 0x00000000f7c00000|100%| E|CS|TAMS 0x00000000f7b00000, 0x00000000f7b00000| Complete 
| 124|0x00000000f7c00000, 0x00000000f7d00000, 0x00000000f7d00000|100%| E|CS|TAMS 0x00000000f7c00000, 0x00000000f7c00000| Complete 
| 125|0x00000000f7d00000, 0x00000000f7e00000, 0x00000000f7e00000|100%| E|CS|TAMS 0x00000000f7d00000, 0x00000000f7d00000| Complete 

Card table byte_map: [0x0000019ca8b40000,0x0000019ca8bc0000] _byte_map_base: 0x0000019ca83c0000

Marking Bits (Prev, Next): (CMBitMap*) 0x0000019c91610780, (CMBitMap*) 0x0000019c916107c0
 Prev Bits: [0x0000019ca8c40000, 0x0000019ca9040000)
 Next Bits: [0x0000019ca9040000, 0x0000019ca9440000)

Polling page: 0x0000019c8f780000

Metaspace:

Usage:
  Non-class:      4.80 MB capacity,     2.01 MB ( 42%) used,     2.78 MB ( 58%) free+waste,     3.13 KB ( <1%) overhead. 
      Class:    443.00 KB capacity,   166.34 KB ( 38%) used,   275.16 KB ( 62%) free+waste,     1.50 KB ( <1%) overhead. 
       Both:      5.23 MB capacity,     2.18 MB ( 42%) used,     3.05 MB ( 58%) free+waste,     4.63 KB ( <1%) overhead. 

Virtual space:
  Non-class space:        8.00 MB reserved,       5.00 MB ( 63%) committed 
      Class space:        1.00 GB reserved,     512.00 KB ( <1%) committed 
             Both:        1.01 GB reserved,       5.50 MB ( <1%) committed 

Chunk freelists:
   Non-Class:  15.00 KB
       Class:  5.00 KB
        Both:  20.00 KB

MaxMetaspaceSize: 17179869184.00 GB
CompressedClassSpaceSize: 1.00 GB

CodeHeap 'non-profiled nmethods': size=120000Kb used=121Kb max_used=121Kb free=119878Kb
 bounds [0x0000019ca12e0000, 0x0000019ca1550000, 0x0000019ca8810000]
CodeHeap 'profiled nmethods': size=120000Kb used=570Kb max_used=570Kb free=119429Kb
 bounds [0x0000019c99db0000, 0x0000019c9a020000, 0x0000019ca12e0000]
CodeHeap 'non-nmethods': size=5760Kb used=1490Kb max_used=1490Kb free=4269Kb
 bounds [0x0000019c99810000, 0x0000019c99a80000, 0x0000019c99db0000]
 total_blobs=1260 nmethods=412 adapters=761
 compilation: enabled
              stopped_count=0, restarted_count=0
 full_count=0

Compilation events (20 events):
Event: 0.210 Thread 0x0000019cabe6cb80  403       3       java.nio.ByteBuffer::<init> (14 bytes)
Event: 0.210 Thread 0x0000019cabe6cb80 nmethod 403 0x0000019c99e3bb10 code [0x0000019c99e3bcc0, 0x0000019c99e3be08]
Event: 0.210 Thread 0x0000019cabe6cb80  398       3       java.util.Optional::empty (6 bytes)
Event: 0.211 Thread 0x0000019cabe6cb80 nmethod 398 0x0000019c99e3bf10 code [0x0000019c99e3c0a0, 0x0000019c99e3c198]
Event: 0.211 Thread 0x0000019cabe6cb80  399       3       jdk.internal.module.SystemModuleFinders$SystemModuleReader::find (54 bytes)
Event: 0.211 Thread 0x0000019cabe6cb80 nmethod 399 0x0000019c99e3c210 code [0x0000019c99e3c4c0, 0x0000019c99e3cfb8]
Event: 0.211 Thread 0x0000019cabe6cb80  404       3       sun.misc.Unsafe::putByte (9 bytes)
Event: 0.211 Thread 0x0000019cabe6cb80 nmethod 404 0x0000019c99e3d390 code [0x0000019c99e3d520, 0x0000019c99e3d698]
Event: 0.211 Thread 0x0000019cabe6cb80  405       3       jdk.internal.misc.Unsafe::putByte (8 bytes)
Event: 0.211 Thread 0x0000019cabe6cb80 nmethod 405 0x0000019c99e3d790 code [0x0000019c99e3d920, 0x0000019c99e3da38]
Event: 0.211 Thread 0x0000019cabe6cb80  407       3       sun.misc.Unsafe::putInt (11 bytes)
Event: 0.212 Thread 0x0000019cabe6cb80 nmethod 407 0x0000019c99e3db10 code [0x0000019c99e3dca0, 0x0000019c99e3dd98]
Event: 0.212 Thread 0x0000019cabe6cb80  409       3       java.nio.Buffer::remaining (20 bytes)
Event: 0.212 Thread 0x0000019cabe6b840  411       4       jdk.internal.misc.Unsafe::getByte (7 bytes)
Event: 0.212 Thread 0x0000019cabe6cb80 nmethod 409 0x0000019c99e3de10 code [0x0000019c99e3dfa0, 0x0000019c99e3e0f8]
Event: 0.212 Thread 0x0000019cabe6cb80  410       3       org.lwjgl.system.MemoryUtil::encodeASCII (66 bytes)
Event: 0.212 Thread 0x0000019cabe6b840 nmethod 411 0x0000019ca12fde90 code [0x0000019ca12fe000, 0x0000019ca12fe078]
Event: 0.212 Thread 0x0000019cabe6cb80 nmethod 410 0x0000019c99e3e190 code [0x0000019c99e3e380, 0x0000019c99e3e918]
Event: 0.347 Thread 0x0000019cabe6cb80  412       1       jdk.internal.loader.URLClassPath$Loader::getBaseURL (5 bytes)
Event: 0.347 Thread 0x0000019cabe6cb80 nmethod 412 0x0000019ca12fe190 code [0x0000019ca12fe320, 0x0000019ca12fe3d8]

GC Heap History (0 events):
No events

Deoptimization events (8 events):
Event: 0.115 Thread 0x0000019c915ebe10 Uncommon trap: trap_request=0xffffff45 fr.pc=0x0000019ca12e44bc relative=0x000000000000021c
Event: 0.115 Thread 0x0000019c915ebe10 Uncommon trap: reason=unstable_if action=reinterpret pc=0x0000019ca12e44bc method=java.lang.String.hashCode()I @ 13 c2
Event: 0.115 Thread 0x0000019c915ebe10 DEOPT PACKING pc=0x0000019ca12e44bc sp=0x00000068e62fb6b0
Event: 0.115 Thread 0x0000019c915ebe10 DEOPT UNPACKING pc=0x0000019c9985e42f sp=0x00000068e62fb648 mode 2
Event: 0.152 Thread 0x0000019c915ebe10 Uncommon trap: trap_request=0xffffff45 fr.pc=0x0000019ca12f6860 relative=0x0000000000000060
Event: 0.152 Thread 0x0000019c915ebe10 Uncommon trap: reason=unstable_if action=reinterpret pc=0x0000019ca12f6860 method=java.io.WinNTFileSystem.isSlash(C)Z @ 9 c2
Event: 0.152 Thread 0x0000019c915ebe10 DEOPT PACKING pc=0x0000019ca12f6860 sp=0x00000068e62fcc20
Event: 0.152 Thread 0x0000019c915ebe10 DEOPT UNPACKING pc=0x0000019c9985e42f sp=0x00000068e62fcba8 mode 2

Classes unloaded (0 events):
No events

Classes redefined (0 events):
No events

Internal exceptions (11 events):
Event: 0.127 Thread 0x0000019c915ebe10 Exception <a 'java/lang/NoSuchMethodError'{0x00000000f7b9bc88}: 'void java.lang.invoke.DirectMethodHandle$Holder.invokeStatic(java.lang.Object, java.lang.Object)'> (0x00000000f7b9bc88) 
thrown [./open/src/hotspot/share/interpreter/linkResolver.cpp, line 782]
Event: 0.128 Thread 0x0000019c915ebe10 Exception <a 'java/lang/NoSuchMethodError'{0x00000000f7ba1780}: 'void java.lang.invoke.DirectMethodHandle$Holder.invokeSpecial(java.lang.Object, java.lang.Object, java.lang.Object)'> (0x00000000f7ba1780) 
thrown [./open/src/hotspot/share/interpreter/linkResolver.cpp, line 782]
Event: 0.131 Thread 0x0000019c915ebe10 Exception <a 'java/lang/NoSuchMethodError'{0x00000000f7bb63f0}: 'java.lang.Object java.lang.invoke.DirectMethodHandle$Holder.invokeStatic(java.lang.Object, java.lang.Object, int)'> (0x00000000f7bb63f0) 
thrown [./open/src/hotspot/share/interpreter/linkResolver.cpp, line 782]
Event: 0.132 Thread 0x0000019c915ebe10 Exception <a 'java/lang/NoSuchMethodError'{0x00000000f7bc2538}: 'void java.lang.invoke.DelegatingMethodHandle$Holder.delegate(java.lang.Object, java.lang.Object, int, java.lang.Object)'> (0x00000000f7bc2538) 
thrown [./open/src/hotspot/share/interpreter/linkResolver.cpp, line 782]
Event: 0.133 Thread 0x0000019c915ebe10 Exception <a 'java/lang/NoSuchMethodError'{0x00000000f7bc65d8}: 'int java.lang.invoke.DirectMethodHandle$Holder.invokeSpecial(java.lang.Object, java.lang.Object, java.lang.Object)'> (0x00000000f7bc65d8) 
thrown [./open/src/hotspot/share/interpreter/linkResolver.cpp, line 782]
Event: 0.173 Thread 0x0000019c915ebe10 Exception <a 'sun/nio/fs/WindowsException'{0x00000000f7a5f318}> (0x00000000f7a5f318) 
thrown [./open/src/hotspot/share/prims/jni.cpp, line 578]
Event: 0.174 Thread 0x0000019c915ebe10 Exception <a 'sun/nio/fs/WindowsException'{0x00000000f7a5f870}> (0x00000000f7a5f870) 
thrown [./open/src/hotspot/share/prims/jni.cpp, line 578]
Event: 0.192 Thread 0x0000019c915ebe10 Exception <a 'sun/nio/fs/WindowsException'{0x00000000f7ade4e8}> (0x00000000f7ade4e8) 
thrown [./open/src/hotspot/share/prims/jni.cpp, line 578]
Event: 0.192 Thread 0x0000019c915ebe10 Exception <a 'sun/nio/fs/WindowsException'{0x00000000f7ade858}> (0x00000000f7ade858) 
thrown [./open/src/hotspot/share/prims/jni.cpp, line 578]
Event: 0.197 Thread 0x0000019c915ebe10 Exception <a 'java/lang/NoSuchMethodError'{0x00000000f7917510}: 'java.lang.Object java.lang.invoke.DirectMethodHandle$Holder.invokeStatic(java.lang.Object)'> (0x00000000f7917510) 
thrown [./open/src/hotspot/share/interpreter/linkResolver.cpp, line 782]
Event: 0.197 Thread 0x0000019c915ebe10 Exception <a 'java/lang/NoSuchMethodError'{0x00000000f791ab80}: 'java.lang.Object java.lang.invoke.DirectMethodHandle$Holder.invokeStaticInit(java.lang.Object)'> (0x00000000f791ab80) 
thrown [./open/src/hotspot/share/interpreter/linkResolver.cpp, line 782]

Events (20 events):
Event: 0.199 loading class java/nio/DirectDoubleBufferU
Event: 0.199 loading class java/nio/DirectDoubleBufferU done
Event: 0.199 loading class sun/misc/Unsafe
Event: 0.199 loading class sun/misc/Unsafe done
Event: 0.200 loading class jdk/internal/reflect/UnsafeFieldAccessorFactory
Event: 0.200 loading class jdk/internal/reflect/UnsafeFieldAccessorFactory done
Event: 0.200 loading class jdk/internal/reflect/UnsafeQualifiedStaticObjectFieldAccessorImpl
Event: 0.200 loading class jdk/internal/reflect/UnsafeQualifiedStaticFieldAccessorImpl
Event: 0.200 loading class jdk/internal/reflect/UnsafeQualifiedStaticFieldAccessorImpl done
Event: 0.200 loading class jdk/internal/reflect/UnsafeQualifiedStaticObjectFieldAccessorImpl done
Event: 0.203 loading class java/math/MutableBigInteger
Event: 0.204 loading class java/math/MutableBigInteger done
Event: 0.204 loading class java/nio/BufferOverflowException
Event: 0.204 loading class java/nio/BufferOverflowException done
Event: 0.204 loading class java/nio/InvalidMarkException
Event: 0.204 loading class java/nio/InvalidMarkException done
Event: 0.204 loading class java/nio/BufferUnderflowException
Event: 0.204 loading class java/nio/BufferUnderflowException done
Event: 0.205 loading class java/lang/IndexOutOfBoundsException
Event: 0.205 loading class java/lang/IndexOutOfBoundsException done


Dynamic libraries:
0x00007ff74d670000 - 0x00007ff74d67d000 	C:\Users\kubag\.jdks\openjdk-15.0.2\bin\java.exe
0x00007ff8e6400000 - 0x00007ff8e65f0000 	C:\Windows\SYSTEM32\ntdll.dll
0x00007ff8dab80000 - 0x00007ff8dab92000 	C:\Program Files\Avast Software\Avast\aswhook.dll
0x00007ff8e4ea0000 - 0x00007ff8e4f52000 	C:\Windows\System32\KERNEL32.DLL
0x00007ff8e3370000 - 0x00007ff8e3615000 	C:\Windows\System32\KERNELBASE.dll
0x00007ff8e4180000 - 0x00007ff8e427a000 	C:\Windows\System32\ucrtbase.dll
0x00007ff8d6c10000 - 0x00007ff8d6c29000 	C:\Users\kubag\.jdks\openjdk-15.0.2\bin\VCRUNTIME140.dll
0x00007ff8d6c30000 - 0x00007ff8d6c48000 	C:\Users\kubag\.jdks\openjdk-15.0.2\bin\jli.dll
0x00007ff8e4d00000 - 0x00007ff8e4e94000 	C:\Windows\System32\USER32.dll
0x00007ff8c6d90000 - 0x00007ff8c7014000 	C:\Windows\WinSxS\amd64_microsoft.windows.common-controls_6595b64144ccf1df_6.0.18362.1440_none_9e7dbfb9e45e8e67\COMCTL32.dll
0x00007ff8e3620000 - 0x00007ff8e3641000 	C:\Windows\System32\win32u.dll
0x00007ff8e4b00000 - 0x00007ff8e4b9e000 	C:\Windows\System32\msvcrt.dll
0x00007ff8e5d10000 - 0x00007ff8e5d36000 	C:\Windows\System32\GDI32.dll
0x00007ff8e44c0000 - 0x00007ff8e47f6000 	C:\Windows\System32\combase.dll
0x00007ff8e3780000 - 0x00007ff8e3918000 	C:\Windows\System32\gdi32full.dll
0x00007ff8e36e0000 - 0x00007ff8e377e000 	C:\Windows\System32\msvcp_win.dll
0x00007ff8e6010000 - 0x00007ff8e612f000 	C:\Windows\System32\RPCRT4.dll
0x00007ff8e3650000 - 0x00007ff8e36d1000 	C:\Windows\System32\bcryptPrimitives.dll
0x00007ff8e5650000 - 0x00007ff8e567e000 	C:\Windows\System32\IMM32.DLL
0x00007ff8de940000 - 0x00007ff8de94c000 	C:\Users\kubag\.jdks\openjdk-15.0.2\bin\vcruntime140_1.dll
0x00007ff8c4400000 - 0x00007ff8c4491000 	C:\Users\kubag\.jdks\openjdk-15.0.2\bin\msvcp140.dll
0x00007ff884eb0000 - 0x00007ff885a0e000 	C:\Users\kubag\.jdks\openjdk-15.0.2\bin\server\jvm.dll
0x00007ff8e5d40000 - 0x00007ff8e5de3000 	C:\Windows\System32\ADVAPI32.dll
0x00007ff8e5ec0000 - 0x00007ff8e5f57000 	C:\Windows\System32\sechost.dll
0x00007ff8e4800000 - 0x00007ff8e4808000 	C:\Windows\System32\PSAPI.DLL
0x00007ff8d1110000 - 0x00007ff8d1119000 	C:\Windows\SYSTEM32\WSOCK32.dll
0x00007ff8d9920000 - 0x00007ff8d9944000 	C:\Windows\SYSTEM32\WINMM.dll
0x00007ff8dc970000 - 0x00007ff8dc97a000 	C:\Windows\SYSTEM32\VERSION.dll
0x00007ff8e5680000 - 0x00007ff8e56ef000 	C:\Windows\System32\WS2_32.dll
0x00007ff8d98f0000 - 0x00007ff8d991d000 	C:\Windows\SYSTEM32\WINMMBASE.dll
0x00007ff8e4280000 - 0x00007ff8e42ca000 	C:\Windows\System32\cfgmgr32.dll
0x00007ff8e32e0000 - 0x00007ff8e32f1000 	C:\Windows\System32\kernel.appcore.dll
0x00007ff8ddd10000 - 0x00007ff8ddd1a000 	C:\Users\kubag\.jdks\openjdk-15.0.2\bin\jimage.dll
0x00007ff8db070000 - 0x00007ff8db264000 	C:\Windows\SYSTEM32\DBGHELP.DLL
0x00007ff8db040000 - 0x00007ff8db06a000 	C:\Windows\SYSTEM32\dbgcore.DLL
0x00007ff8d5e40000 - 0x00007ff8d5e65000 	C:\Users\kubag\.jdks\openjdk-15.0.2\bin\java.dll
0x00007ff8e4f60000 - 0x00007ff8e5648000 	C:\Windows\System32\SHELL32.dll
0x00007ff8e6130000 - 0x00007ff8e61d7000 	C:\Windows\System32\shcore.dll
0x00007ff8e3a00000 - 0x00007ff8e417b000 	C:\Windows\System32\windows.storage.dll
0x00007ff8e32c0000 - 0x00007ff8e32de000 	C:\Windows\System32\profapi.dll
0x00007ff8e3320000 - 0x00007ff8e336a000 	C:\Windows\System32\powrprof.dll
0x00007ff8e32b0000 - 0x00007ff8e32c0000 	C:\Windows\System32\UMPDC.dll
0x00007ff8e4aa0000 - 0x00007ff8e4af2000 	C:\Windows\System32\shlwapi.dll
0x00007ff8e4330000 - 0x00007ff8e4347000 	C:\Windows\System32\cryptsp.dll
0x00007ff8d6a60000 - 0x00007ff8d6a79000 	C:\Users\kubag\.jdks\openjdk-15.0.2\bin\net.dll
0x00007ff8dea70000 - 0x00007ff8deb6a000 	C:\Windows\SYSTEM32\WINHTTP.dll
0x00007ff8e2af0000 - 0x00007ff8e2b57000 	C:\Windows\system32\mswsock.dll
0x00007ff8d5e20000 - 0x00007ff8d5e32000 	C:\Users\kubag\.jdks\openjdk-15.0.2\bin\nio.dll
0x00007ff8d5100000 - 0x00007ff8d5118000 	C:\Users\kubag\.jdks\openjdk-15.0.2\bin\zip.dll
0x00007ff8c8300000 - 0x00007ff8c8364000 	C:\Users\kubag\AppData\Local\Temp\lwjglkubag\3.2.3-build-13\lwjgl.dll
0x00007ff8c54b0000 - 0x00007ff8c5512000 	C:\Users\kubag\AppData\Local\Temp\lwjglkubag\3.2.3-build-13\glfw.dll
0x00007ff8e1600000 - 0x00007ff8e1699000 	C:\Windows\system32\uxtheme.dll
0x00007ff8dca00000 - 0x00007ff8dca43000 	C:\Windows\SYSTEM32\dinput8.dll
0x00007ff8d5440000 - 0x00007ff8d5451000 	C:\Windows\SYSTEM32\xinput1_4.dll
0x00007ff8e3090000 - 0x00007ff8e30ba000 	C:\Windows\SYSTEM32\DEVOBJ.dll
0x00007ff8e1a20000 - 0x00007ff8e1a4d000 	C:\Windows\SYSTEM32\dwmapi.dll
0x00007ff8d84f0000 - 0x00007ff8d860c000 	C:\Windows\SYSTEM32\inputhost.dll
0x00007ff8d90a0000 - 0x00007ff8d93ca000 	C:\Windows\SYSTEM32\CoreUIComponents.dll
0x00007ff8dfac0000 - 0x00007ff8dfbb0000 	C:\Windows\SYSTEM32\PROPSYS.dll
0x00007ff8e0fb0000 - 0x00007ff8e1084000 	C:\Windows\SYSTEM32\CoreMessaging.dll
0x00007ff8df960000 - 0x00007ff8dfab2000 	C:\Windows\SYSTEM32\wintypes.dll
0x00007ff8e5df0000 - 0x00007ff8e5eb5000 	C:\Windows\System32\OLEAUT32.dll
0x00007ff8e22f0000 - 0x00007ff8e2321000 	C:\Windows\SYSTEM32\ntmarta.dll
0x00007ff8e4880000 - 0x00007ff8e49b5000 	C:\Windows\System32\MSCTF.dll
0x00007ff8e1e90000 - 0x00007ff8e1e9e000 	C:\Windows\SYSTEM32\HID.DLL
0x00007ff8e58a0000 - 0x00007ff8e5d10000 	C:\Windows\System32\SETUPAPI.DLL
0x00007ff8e3920000 - 0x00007ff8e3946000 	C:\Windows\System32\bcrypt.dll
0x00007ff8e42d0000 - 0x00007ff8e432c000 	C:\Windows\System32\WINTRUST.dll
0x00007ff8e3300000 - 0x00007ff8e3312000 	C:\Windows\System32\MSASN1.dll
0x00007ff8e4350000 - 0x00007ff8e44a1000 	C:\Windows\System32\CRYPT32.dll

dbghelp: loaded successfully - version: 4.0.5 - missing functions: none
symbol engine: initialized successfully - sym options: 0x614 - pdb path: .;C:\Users\kubag\.jdks\openjdk-15.0.2\bin;C:\Windows\SYSTEM32;C:\Program Files\Avast Software\Avast;C:\Windows\WinSxS\amd64_microsoft.windows.common-controls_6595b64144ccf1df_6.0.18362.1440_none_9e7dbfb9e45e8e67;C:\Users\kubag\.jdks\openjdk-15.0.2\bin\server;C:\Users\kubag\AppData\Local\Temp\lwjglkubag\3.2.3-build-13

VM Arguments:
jvm_args: -Dfile.encoding=windows-1252 -Duser.country=CZ -Duser.language=cs -Duser.variant -Xmx256M 
java_command: educanet.Main
java_class_path (initial): C:\Users\kubag\IdeaProjects\GDV\build\classes\java\main;C:\Users\kubag\IdeaProjects\GDV\build\resources\main;C:\Users\kubag\.gradle\caches\modules-2\files-2.1\org.lwjgl\lwjgl-assimp\3.2.3\f62aa07a20afbdd3097efc296c4841e0d29700eb\lwjgl-assimp-3.2.3.jar;C:\Users\kubag\.gradle\caches\modules-2\files-2.1\org.lwjgl\lwjgl-assimp\3.2.3\4e60aeb75f0343c4a9ede4ef8b6b32ca702a00a3\lwjgl-assimp-3.2.3-natives-windows.jar;C:\Users\kubag\.gradle\caches\modules-2\files-2.1\org.lwjgl\lwjgl-glfw\3.2.3\5e520d5c290c8b012545a8d34fa5db5ab051ea53\lwjgl-glfw-3.2.3.jar;C:\Users\kubag\.gradle\caches\modules-2\files-2.1\org.lwjgl\lwjgl-glfw\3.2.3\b4d8a3477cdc2edcf7a5f1e822926be846223f54\lwjgl-glfw-3.2.3-natives-windows.jar;C:\Users\kubag\.gradle\caches\modules-2\files-2.1\org.lwjgl\lwjgl-openal\3.2.3\106742e805803ab9eab8e343f0fb31a3d263903c\lwjgl-openal-3.2.3.jar;C:\Users\kubag\.gradle\caches\modules-2\files-2.1\org.lwjgl\lwjgl-openal\3.2.3\ec898e8ce11b5886f4f532a1536283ef2817758d\lwjgl-openal-3.2.3-natives-windows.jar;C:\Users\kubag\.gradle\caches\modules-2\files-2.1\org.lwjgl\lwjgl-opengl\3.2.3\bdd534a323d0c8f54969b95e424b6ac8984f7d6e\lwjgl-opengl-3.2.3.jar;C:\Users\kubag\.gradle\caches\modules-2\files-2.1\org.lwjgl\lwjgl-opengl\3.2.3\e81cfc73ec8708e5e791ed770e4ec3edfc1bbab1\lwjgl-opengl-3.2.3-natives-windows.jar;C:\Users\kubag\.gradle\caches\modules-2\files-2.1\org.lwjgl\lwjgl-stb\3.2.3\40eccaa4fa86fc815f2e17946a392fb5fdcc286a\lwjgl-stb-3.2.3.jar;C:\Users\kubag\.gradle\caches\modules-2\files-2.1\org.lwjgl\lwjgl-stb\3.2.3\817b21ec286f0ba3dcedb56a3bd275e6a9345be9\lwjgl-stb-3.2.3-natives-windows.jar;C:\Users\kubag\.gradle\caches\modules-2\files-2.1\org.lwjgl\lwjgl\3.2.3\17a59ba0fe8d474ec9dbe0d5db40d2cfe59c4c08\lwjgl-3.2.3.jar;C:\Users\kubag\.gradle\caches\modules-2\files-2.1\org.lwjgl\lwjgl\3.2.3\27f32cd35349684745951e04388e8e00d681cdcd\lwjgl-3.2.3-natives-windows.jar;C:\Users\kubag\.gradle\caches\modules-2\files-2.1\org.joml\joml\1.10.0\a29b8bf72dc1478e9ceea256db2
Launcher Type: SUN_STANDARD

[Global flags]
     intx CICompilerCount                          = 4                                         {product} {ergonomic}
     uint ConcGCThreads                            = 2                                         {product} {ergonomic}
     uint G1ConcRefinementThreads                  = 8                                         {product} {ergonomic}
   size_t G1HeapRegionSize                         = 1048576                                   {product} {ergonomic}
    uintx GCDrainStackTargetSize                   = 64                                        {product} {ergonomic}
   size_t InitialHeapSize                          = 132120576                                 {product} {ergonomic}
   size_t MarkStackSize                            = 4194304                                   {product} {ergonomic}
   size_t MaxHeapSize                              = 268435456                                 {product} {command line}
   size_t MaxNewSize                               = 160432128                                 {product} {ergonomic}
   size_t MinHeapDeltaBytes                        = 1048576                                   {product} {ergonomic}
   size_t MinHeapSize                              = 8388608                                   {product} {ergonomic}
    uintx NonNMethodCodeHeapSize                   = 5839372                                {pd product} {ergonomic}
    uintx NonProfiledCodeHeapSize                  = 122909434                              {pd product} {ergonomic}
    uintx ProfiledCodeHeapSize                     = 122909434                              {pd product} {ergonomic}
    uintx ReservedCodeCacheSize                    = 251658240                              {pd product} {ergonomic}
     bool SegmentedCodeCache                       = true                                      {product} {ergonomic}
   size_t SoftMaxHeapSize                          = 268435456                              {manageable} {ergonomic}
     bool UseCompressedClassPointers               = true                                 {lp64_product} {ergonomic}
     bool UseCompressedOops                        = true                                 {lp64_product} {ergonomic}
     bool UseG1GC                                  = true                                      {product} {ergonomic}
     bool UseLargePagesIndividualAllocation        = false                                  {pd product} {ergonomic}

Logging:
Log output configuration:
 #0: stdout all=warning uptime,level,tags
 #1: stderr all=off uptime,level,tags

Environment Variables:
JAVA_HOME=C:\Program Files\Java\jdk-14.0.1
_JAVA_OPTIONS=-Xmx256M
PATH=C:\Program Files (x86)\Common Files\Oracle\Java\javapath;C:\Program Files (x86)\Razer Chroma SDK\bin;C:\Program Files\Razer Chroma SDK\bin;C:\Program Files (x86)\Razer\ChromaBroadcast\bin;C:\Program Files\Razer\ChromaBroadcast\bin;C:\Windows\system32;C:\Windows;C:\Windows\System32\Wbem;C:\Windows\System32\WindowsPowerShell\v1.0\;C:\Windows\System32\OpenSSH\;C:\Program Files (x86)\NVIDIA Corporation\PhysX\Common;C:\Program Files\NVIDIA Corporation\NVIDIA NvDLISR;C:\Windows\system32\config\systemprofile\AppData\Local\Microsoft\WindowsApps;C:\Program Files\Java\jdk-14.0.1\bin;C:\Users\kubag\OneDrive\Desktop\every\apache-maven-3.6.3\bin;C:\Program Files\Cepstral\bin;C:\Program Files (x86)\Cepstral\bin;C:\Program Files\Git\cmd;C:\Program Files\nodejs\;C:\Users\kubag\AppData\Local\Microsoft\WindowsApps;C:\Users\kubag\AppData\Local\GitHubDesktop\bin;C:\Users\kubag\AppData\Local\Programs\Microsoft VS Code\bin;C:\Users\kubag\AppData\Roaming\npm
USERNAME=kubag
OS=Windows_NT
PROCESSOR_IDENTIFIER=Intel64 Family 6 Model 158 Stepping 10, GenuineIntel



---------------  S Y S T E M  ---------------

OS:
 Windows 10 , 64 bit Build 18362 (10.0.18362.1350)
OS uptime: 3 days 7:16 hours

CPU: total 8 (initial active 8) (4 cores per cpu, 2 threads per core) family 6 model 158 stepping 10 microcode 0xb4, cmov, cx8, fxsr, mmx, sse, sse2, sse3, ssse3, sse4.1, sse4.2, popcnt, vzeroupper, avx, avx2, aes, clmul, erms, 3dnowpref, lzcnt, ht, tsc, tscinvbit, bmi1, bmi2, adx, fma, clflush, clflushopt

Memory: 4k page, system-wide physical 8034M (485M free)
TotalPageFile size 28105M (AvailPageFile size 12944M)
current process WorkingSet (physical memory assigned to process): 45M, peak: 45M
current process commit charge ("private bytes"): 216M, peak: 216M

vm_info: OpenJDK 64-Bit Server VM (15.0.2+7-27) for windows-amd64 JRE (15.0.2+7-27), built on Dec  7 2020 20:02:38 by "mach5one" with unknown MS VC++:1925

END.
